13:01:46.159 [main                     ] DEBUG Logger               - Configured Logger
13:01:46.164 [main                     ] DEBUG GameApplication      - Logging settings
Title: Untitled
Version: 0.0
Width: 1280
Height: 720
Fullscreen: true
Intro: false
Profiling: false
Single step:false
App Mode: DEVELOPER
Menu Key: ESCAPE
Stage Style: DECORATED
Scene Factory: class Bomberman.GameApp$1

13:01:46.667 [JavaFX Application Thread] DEBUG FXGLApplication      - Initializing FXGL
13:01:46.669 [JavaFX Application Thread] INFO  Engine               - FXGL-11.17 (16.07.2021 15.46) on WINDOWS (J:17.0.2 FX:16)
13:01:46.669 [JavaFX Application Thread] DEBUG Engine               - JRE Vendor Name: Oracle Corporation
13:01:46.669 [JavaFX Application Thread] DEBUG Engine               - Running on OS: Windows 10 version 10.0
13:01:46.670 [JavaFX Application Thread] DEBUG Engine               - Architecture: amd64
13:01:46.670 [JavaFX Application Thread] INFO  Engine               - Source code and latest versions at: https://github.com/AlmasB/FXGL
13:01:46.670 [JavaFX Application Thread] INFO  Engine               -              Join the FXGL chat at: https://gitter.im/AlmasB/FXGL
13:01:46.804 [JavaFX Application Thread] DEBUG PrimaryStageWindow   - Creating a JavaFX scene
13:01:46.855 [JavaFX Application Thread] DEBUG PrimaryStageWindow   - Target settings size: 1280.0 x 720.0
13:01:46.855 [JavaFX Application Thread] DEBUG PrimaryStageWindow   - Scaled scene size:    1280.0 x 720.0
13:01:46.855 [JavaFX Application Thread] DEBUG PrimaryStageWindow   - Scaled ratio: (1.0, 1.0)
13:01:46.857 [JavaFX Application Thread] DEBUG PrimaryStageWindow   - Set initial scene to FXGLStartupScene
13:01:46.874 [JavaFX Application Thread] DEBUG PrimaryStageWindow   - Opening main window
13:01:47.001 [JavaFX Application Thread] DEBUG PrimaryStageWindow   - Window border size: (14.4000244140625, 37.5999755859375)
13:01:47.001 [JavaFX Application Thread] DEBUG PrimaryStageWindow   - Scaled size: 1280.0 x 720.0
13:01:47.001 [JavaFX Application Thread] DEBUG PrimaryStageWindow   - Scaled ratio: (1.0, 1.0)
13:01:47.002 [JavaFX Application Thread] DEBUG PrimaryStageWindow   - Scene size: 1280.0 x 720.0
13:01:47.002 [JavaFX Application Thread] DEBUG PrimaryStageWindow   - Stage size: 1294.4000244140625 x 757.5999755859375
13:01:47.082 [JavaFX Application Thread] DEBUG PrimaryStageWindow   - Going fullscreen
13:01:47.099 [FXGL Background Thread 1 ] DEBUG Engine               - Initializing environment variables
13:01:47.192 [FXGL Background Thread 1 ] DEBUG FXGLAssetLoaderServi - User app class for loading assets: class Bomberman.GameApp
13:01:47.192 [FXGL Background Thread 1 ] DEBUG GameApplicationServi - Applying CSS: fxgl_dark.css
13:01:47.193 [FXGL Background Thread 1 ] DEBUG FXGLAssetLoaderServi - Loading from file system: jar:file:/C:/Users/david/.m2/repository/com/github/almasb/fxgl/11.17/fxgl-11.17.jar!/fxglassets/ui/css/fxgl_dark.css
13:01:47.282 [FXGL Background Thread 1 ] DEBUG GameApplicationServi - Initializing application scenes
13:01:47.337 [FXGL Background Thread 1 ] DEBUG GameWorld            - Game world initialized
13:01:47.423 [FXGL Background Thread 1 ] DEBUG PhysicsWorld         - Physics world initialized: appHeight=720, physics.ppm=50,0
13:01:47.424 [FXGL Background Thread 1 ] DEBUG PhysicsWorld         - Using strategy: BRUTE_FORCE
13:01:47.427 [FXGL Background Thread 1 ] DEBUG GameScene            - Game scene initialized: 1280x720
13:01:47.532 [FXGL Background Thread 1 ] DEBUG GameApplicationServi - Application scenes initialized
13:01:47.551 [FXGL Background Thread 1 ] DEBUG SystemBundleService  - Loading FXGL system data
13:01:47.558 [FXGL Background Thread 1 ] DEBUG FileSystemAccess     - Reading from: D:\Bomberman-master-origin\system\fxgl.bundle
13:01:47.566 [FXGL Background Thread 1 ] DEBUG SystemBundleService  - Bundle FXGL: {}
13:01:47.567 [FXGL Background Thread 1 ] DEBUG UpdaterService       - Checking for updates
13:01:47.574 [FXGL Background Thread 4 ] DEBUG FXGLApplication      - Loading fonts
13:01:47.575 [FXGL Background Thread 4 ] DEBUG FXGLAssetLoaderServi - Loading from file system: file:/D:/Bomberman-master-origin/target/classes/assets/ui/fonts/game_font.ttf
13:01:47.576 [FXGL Background Thread 1 ] DEBUG FXGLApplication      - Loading default localization
13:01:47.576 [FXGL Background Thread 1 ] DEBUG FXGLAssetLoaderServi - Loading from file system: jar:file:/C:/Users/david/.m2/repository/com/github/almasb/fxgl/11.17/fxgl-11.17.jar!/fxglassets/languages/english.lang
13:01:47.597 [FXGL Background Thread 1 ] INFO  FXGLApplication      - FXGL initialization took: 0,498 sec
13:01:47.615 [JavaFX Application Thread] DEBUG Input                - Registered new binding: Move Up - Z
13:01:47.615 [JavaFX Application Thread] DEBUG Input                - Registered new binding: Move Down - S
13:01:47.616 [JavaFX Application Thread] DEBUG Input                - Registered new binding: Move Left - Q
13:01:47.616 [JavaFX Application Thread] DEBUG Input                - Registered new binding: Move Right - D
13:01:47.616 [JavaFX Application Thread] DEBUG Input                - Registered new binding: Place Bomb - Space
13:01:47.617 [JavaFX Application Thread] WARN  FXGLAssetLoaderServi - Asset "/assets/music/stage_theme.mp3" was not found!
13:01:47.618 [JavaFX Application Thread] WARN  FXGLAssetLoaderServi - Failed to load MUSIC
13:01:47.620 [JavaFX Application Thread] DEBUG AudioPlayer          - Playing music com.almasb.fxgl.audio.Music@53dc6d46
13:01:47.620 [JavaFX Application Thread] DEBUG FXGLAssetLoaderServi - Loading from file system: jar:file:/C:/Users/david/.m2/repository/com/github/almasb/fxgl/11.17/fxgl-11.17.jar!/fxglassets/textures/fxgl_icon.png
13:01:47.663 [JavaFX Application Thread] DEBUG FXGLAssetLoaderServi - Loading from file system: jar:file:/C:/Users/david/.m2/repository/com/github/almasb/fxgl/11.17/fxgl-11.17.jar!/fxglassets/textures/fxgl_default_cursor.png
13:01:47.667 [JavaFX Application Thread] DEBUG Input                - Registered new binding: Screenshot - CTRL+8
13:01:47.668 [JavaFX Application Thread] DEBUG Input                - Registered new binding: System info dump - CTRL+9
13:01:47.668 [JavaFX Application Thread] DEBUG Input                - Registered new binding: Restart - CTRL+R
13:01:47.670 [JavaFX Application Thread] DEBUG Input                - Registered new binding: Toggle Debug Camera - CTRL+C
13:01:47.674 [JavaFX Application Thread] DEBUG LoopRunner           - Starting loop
13:01:47.674 [JavaFX Application Thread] DEBUG LoopRunner           - Initializing JavaFX AnimationTimerLoop
13:01:47.674 [FXGL Background Thread 4 ] DEBUG FXGLAssetLoaderServi - Loading from file system: jar:file:/C:/Users/david/.m2/repository/com/github/almasb/fxgl/11.17/fxgl-11.17.jar!/fxglassets/ui/fonts/Abel-Regular.ttf
13:01:47.678 [JavaFX Application Thread] DEBUG Input                - Clearing active input actions
13:01:47.686 [FXGL Background Thread 4 ] DEBUG FXGLAssetLoaderServi - Loading from file system: jar:file:/C:/Users/david/.m2/repository/com/github/almasb/fxgl/11.17/fxgl-11.17.jar!/fxglassets/ui/fonts/lucida_console.ttf
13:01:47.687 [JavaFX Application Thread] DEBUG GameApplicationServi - Removing overlay from FXGLStartupScene and adding to FXGLMainMenuDummyScene
13:01:47.688 [JavaFX Application Thread] DEBUG PrimaryStageWindow   - FXGLStartupScene -> FXGLMainMenuDummyScene
13:01:47.688 [JavaFX Application Thread] DEBUG PrimaryStageWindow   - Push state: GrosMenu
13:01:47.688 [JavaFX Application Thread] DEBUG Input                - Clearing active input actions
13:01:47.695 [JavaFX Application Thread] DEBUG GameApplicationServi - Removing overlay from FXGLMainMenuDummyScene and adding to GrosMenu
13:01:47.695 [JavaFX Application Thread] DEBUG PrimaryStageWindow   - FXGLMainMenuDummyScene -> GrosMenu
13:01:47.703 [FXGL Background Thread 4 ] DEBUG FXGLAssetLoaderServi - Loading from file system: jar:file:/C:/Users/david/.m2/repository/com/github/almasb/fxgl/11.17/fxgl-11.17.jar!/fxglassets/ui/fonts/Courier-Prime.ttf
13:01:47.741 [JavaFX Application Thread] DEBUG FXGLApplication      - Registering font factories with UI factory
13:01:48.169 [FXGL Background Thread 2 ] INFO  UpdaterService       - Your current version:  11.17
13:01:48.170 [FXGL Background Thread 2 ] INFO  UpdaterService       - Latest stable version: 17.1
13:01:48.346 [JavaFX Application Thread] DEBUG Menu                 - fireExit()
13:01:48.355 [JavaFX Application Thread] DEBUG PrimaryStageWindow   - Push state: DialogSubScene
13:01:48.355 [JavaFX Application Thread] DEBUG Input                - Clearing active input actions
13:01:48.360 [JavaFX Application Thread] DEBUG GameApplicationServi - Removing overlay from GrosMenu and adding to DialogSubScene
13:01:48.361 [JavaFX Application Thread] DEBUG PrimaryStageWindow   - GrosMenu -> DialogSubScene
13:01:49.261 [JavaFX Application Thread] DEBUG PrimaryStageWindow   - Pop state: DialogSubScene
13:01:49.261 [JavaFX Application Thread] DEBUG Input                - Clearing active input actions
13:01:49.262 [JavaFX Application Thread] DEBUG GameApplicationServi - Removing overlay from DialogSubScene and adding to GrosMenu
13:01:49.262 [JavaFX Application Thread] DEBUG PrimaryStageWindow   - GrosMenu <- DialogSubScene
13:01:50.572 [FXGL Background Thread 3 ] DEBUG Engine               - Logging environment variables
13:01:50.573 [FXGL Background Thread 3 ] DEBUG Engine               - achievements: []
13:01:50.573 [FXGL Background Thread 3 ] DEBUG Engine               - actualHeight: 864.0
13:01:50.573 [FXGL Background Thread 3 ] DEBUG Engine               - actualHeightProperty: ReadOnlyDoubleProperty [value: 864.0]
13:01:50.573 [FXGL Background Thread 3 ] DEBUG Engine               - actualWidth: 1536.0
13:01:50.573 [FXGL Background Thread 3 ] DEBUG Engine               - actualWidthProperty: ReadOnlyDoubleProperty [value: 1536.0]
13:01:50.573 [FXGL Background Thread 3 ] DEBUG Engine               - appIcon: fxgl_icon.png
13:01:50.573 [FXGL Background Thread 3 ] DEBUG Engine               - applicationMode: DEVELOPER
13:01:50.573 [FXGL Background Thread 3 ] DEBUG Engine               - cSSList: [fxgl_dark.css]
13:01:50.573 [FXGL Background Thread 3 ] DEBUG Engine               - collisionDetectionStrategy: BRUTE_FORCE
13:01:50.574 [FXGL Background Thread 3 ] DEBUG Engine               - configClass: Optional.empty
13:01:50.574 [FXGL Background Thread 3 ] DEBUG Engine               - credits: []
13:01:50.574 [FXGL Background Thread 3 ] DEBUG Engine               - defaultCursor: CursorInfo(imageName=fxgl_default_cursor.png, hotspotX=7.0, hotspotY=6.0)
13:01:50.574 [FXGL Background Thread 3 ] DEBUG Engine               - devBBoxColorProperty: ObjectProperty [value: 0xff0000ff]
13:01:50.574 [FXGL Background Thread 3 ] DEBUG Engine               - devEnableDebugCameraProperty: BooleanProperty [value: false]
13:01:50.575 [FXGL Background Thread 3 ] DEBUG Engine               - devSensorColorProperty: ObjectProperty [value: 0xffff00ff]
13:01:50.575 [FXGL Background Thread 3 ] DEBUG Engine               - devShowBBoxProperty: BooleanProperty [value: false]
13:01:50.575 [FXGL Background Thread 3 ] DEBUG Engine               - devShowPositionProperty: BooleanProperty [value: false]
13:01:50.575 [FXGL Background Thread 3 ] DEBUG Engine               - enabledMenuItems: []
13:01:50.575 [FXGL Background Thread 3 ] DEBUG Engine               - engineServices: [class com.almasb.fxgl.app.services.FXGLAssetLoaderService, class com.almasb.fxgl.app.FXGLApplication$GameApplicationService, class com.almasb.fxgl.app.services.FXGLDialogService, class com.almasb.fxgl.app.services.IOTaskExecutorService, class com.almasb.fxgl.io.FileSystemService, class com.almasb.fxgl.localization.LocalizationService, class com.almasb.fxgl.app.services.SystemBundleService, class com.almasb.fxgl.profile.SaveLoadService, class com.almasb.fxgl.ui.FXGLUIFactoryServiceProvider, class com.almasb.fxgl.ui.FXGLDialogFactoryServiceProvider, class com.almasb.fxgl.audio.AudioPlayer, class com.almasb.fxgl.notification.impl.NotificationServiceProvider, class com.almasb.fxgl.achievement.AchievementService, class com.almasb.fxgl.cutscene.CutsceneService, class com.almasb.fxgl.minigames.MiniGameService, class com.almasb.fxgl.net.NetService, class com.almasb.fxgl.app.services.UpdaterService, class com.almasb.fxgl.dev.DevService]
13:01:50.575 [FXGL Background Thread 3 ] DEBUG Engine               - fontGame: Abel-Regular.ttf
13:01:50.575 [FXGL Background Thread 3 ] DEBUG Engine               - fontMono: lucida_console.ttf
13:01:50.575 [FXGL Background Thread 3 ] DEBUG Engine               - fontText: Courier-Prime.ttf
13:01:50.575 [FXGL Background Thread 3 ] DEBUG Engine               - fontUI: game_font.ttf
13:01:50.575 [FXGL Background Thread 3 ] DEBUG Engine               - fullScreen: BooleanProperty [value: true]
13:01:50.576 [FXGL Background Thread 3 ] DEBUG Engine               - gameDifficulty: MEDIUM
13:01:50.576 [FXGL Background Thread 3 ] DEBUG Engine               - gameDifficultyProperty: ObjectProperty [value: MEDIUM]
13:01:50.576 [FXGL Background Thread 3 ] DEBUG Engine               - globalMusicVolume: 0.5
13:01:50.576 [FXGL Background Thread 3 ] DEBUG Engine               - globalMusicVolumeProperty: DoubleProperty [value: 0.5]
13:01:50.576 [FXGL Background Thread 3 ] DEBUG Engine               - globalSoundVolume: 0.5
13:01:50.576 [FXGL Background Thread 3 ] DEBUG Engine               - globalSoundVolumeProperty: DoubleProperty [value: 0.5]
13:01:50.576 [FXGL Background Thread 3 ] DEBUG Engine               - height: 720
13:01:50.576 [FXGL Background Thread 3 ] DEBUG Engine               - is3D: false
13:01:50.576 [FXGL Background Thread 3 ] DEBUG Engine               - isAndroid: false
13:01:50.576 [FXGL Background Thread 3 ] DEBUG Engine               - isBrowser: false
13:01:50.577 [FXGL Background Thread 3 ] DEBUG Engine               - isClickFeedbackEnabled: false
13:01:50.577 [FXGL Background Thread 3 ] DEBUG Engine               - isCloseConfirmation: false
13:01:50.577 [FXGL Background Thread 3 ] DEBUG Engine               - isDesktop: true
13:01:50.577 [FXGL Background Thread 3 ] DEBUG Engine               - isDeveloperMenuEnabled: false
13:01:50.577 [FXGL Background Thread 3 ] DEBUG Engine               - isEntityPreloadEnabled: true
13:01:50.577 [FXGL Background Thread 3 ] DEBUG Engine               - isExperimentalTiledLargeMap: false
13:01:50.577 [FXGL Background Thread 3 ] DEBUG Engine               - isFileSystemWriteAllowed: true
13:01:50.577 [FXGL Background Thread 3 ] DEBUG Engine               - isFullScreenAllowed: true
13:01:50.577 [FXGL Background Thread 3 ] DEBUG Engine               - isFullScreenFromStart: true
13:01:50.578 [FXGL Background Thread 3 ] DEBUG Engine               - isGameMenuEnabled: true
13:01:50.578 [FXGL Background Thread 3 ] DEBUG Engine               - isIOS: false
13:01:50.578 [FXGL Background Thread 3 ] DEBUG Engine               - isIntroEnabled: false
13:01:50.578 [FXGL Background Thread 3 ] DEBUG Engine               - isLinux: false
13:01:50.578 [FXGL Background Thread 3 ] DEBUG Engine               - isMac: false
13:01:50.578 [FXGL Background Thread 3 ] DEBUG Engine               - isMainMenuEnabled: true
13:01:50.578 [FXGL Background Thread 3 ] DEBUG Engine               - isManualResizeEnabled: false
13:01:50.579 [FXGL Background Thread 3 ] DEBUG Engine               - isMobile: false
13:01:50.579 [FXGL Background Thread 3 ] DEBUG Engine               - isNative: false
13:01:50.579 [FXGL Background Thread 3 ] DEBUG Engine               - isPauseMusicWhenMinimized: true
13:01:50.579 [FXGL Background Thread 3 ] DEBUG Engine               - isPreserveResizeRatio: false
13:01:50.579 [FXGL Background Thread 3 ] DEBUG Engine               - isProfilingEnabled: false
13:01:50.579 [FXGL Background Thread 3 ] DEBUG Engine               - isScaleAffectedOnResize: true
13:01:50.579 [FXGL Background Thread 3 ] DEBUG Engine               - isSingleStep: false
13:01:50.579 [FXGL Background Thread 3 ] DEBUG Engine               - isUserProfileEnabled: false
13:01:50.579 [FXGL Background Thread 3 ] DEBUG Engine               - isWindows: true
13:01:50.579 [FXGL Background Thread 3 ] DEBUG Engine               - language: ObjectProperty [value: ENGLISH]
13:01:50.579 [FXGL Background Thread 3 ] DEBUG Engine               - menuKey: ESCAPE
13:01:50.580 [FXGL Background Thread 3 ] DEBUG Engine               - mouseSensitivity: 0.2
13:01:50.580 [FXGL Background Thread 3 ] DEBUG Engine               - notificationViewClass: class com.almasb.fxgl.notification.view.XboxNotificationView
13:01:50.580 [FXGL Background Thread 3 ] DEBUG Engine               - pixelsPerMeter: 50.0
13:01:50.580 [FXGL Background Thread 3 ] DEBUG Engine               - platform: WINDOWS
13:01:50.580 [FXGL Background Thread 3 ] DEBUG Engine               - prefHeightProperty: ReadOnlyDoubleProperty [value: 720.0]
13:01:50.580 [FXGL Background Thread 3 ] DEBUG Engine               - prefWidthProperty: ReadOnlyDoubleProperty [value: 1280.0]
13:01:50.580 [FXGL Background Thread 3 ] DEBUG Engine               - profileDir: profiles/
13:01:50.581 [FXGL Background Thread 3 ] DEBUG Engine               - profileName: StringProperty [value: DEFAULT]
13:01:50.581 [FXGL Background Thread 3 ] DEBUG Engine               - randomSeed: -1
13:01:50.581 [FXGL Background Thread 3 ] DEBUG Engine               - runtimeInfo: RuntimeInfo(platform=WINDOWS, version=11.17, build=16.07.2021 15.46)
13:01:50.581 [FXGL Background Thread 3 ] DEBUG Engine               - saveFileExt: sav
13:01:50.581 [FXGL Background Thread 3 ] DEBUG Engine               - scaledHeightProp$fxgl: DoubleProperty [bound, value: 864.0]
13:01:50.581 [FXGL Background Thread 3 ] DEBUG Engine               - scaledWidthProp$fxgl: DoubleProperty [bound, value: 1536.0]
13:01:50.581 [FXGL Background Thread 3 ] DEBUG Engine               - sceneFactory: Bomberman.GameApp$1@445eb60d
13:01:50.581 [FXGL Background Thread 3 ] DEBUG Engine               - secondsIn24h: 60
13:01:50.581 [FXGL Background Thread 3 ] DEBUG Engine               - soundMenuBack: menu/back.wav
13:01:50.581 [FXGL Background Thread 3 ] DEBUG Engine               - soundMenuPress: menu/press.wav
13:01:50.581 [FXGL Background Thread 3 ] DEBUG Engine               - soundMenuSelect: menu/select.wav
13:01:50.581 [FXGL Background Thread 3 ] DEBUG Engine               - soundNotification: core/notification.wav
13:01:50.582 [FXGL Background Thread 3 ] DEBUG Engine               - stageStyle: DECORATED
13:01:50.582 [FXGL Background Thread 3 ] DEBUG Engine               - supportedLanguages: [ENGLISH, FRENCH, GERMAN, HUNGARIAN, RUSSIAN]
13:01:50.582 [FXGL Background Thread 3 ] DEBUG Engine               - ticksPerSecond: -1
13:01:50.582 [FXGL Background Thread 3 ] DEBUG Engine               - title: Untitled
13:01:50.582 [FXGL Background Thread 3 ] DEBUG Engine               - urlGithub: https://github.com/AlmasB/FXGL
13:01:50.582 [FXGL Background Thread 3 ] DEBUG Engine               - urlLeaderboard: http://fxgl-top.herokuapp.com/
13:01:50.582 [FXGL Background Thread 3 ] DEBUG Engine               - urlPOM: https://raw.githubusercontent.com/AlmasB/FXGL/release/README.md
13:01:50.582 [FXGL Background Thread 3 ] DEBUG Engine               - userAppClass: class Bomberman.GameApp
13:01:50.582 [FXGL Background Thread 3 ] DEBUG Engine               - version: 0.0
13:01:50.582 [FXGL Background Thread 3 ] DEBUG Engine               - versionCheckDays: 7
13:01:50.582 [FXGL Background Thread 3 ] DEBUG Engine               - width: 1280
13:01:50.583 [FXGL Background Thread 3 ] DEBUG Engine               - Logging services
13:01:50.583 [FXGL Background Thread 3 ] DEBUG Engine               - class com.almasb.fxgl.app.services.FXGLAssetLoaderService
13:01:50.583 [FXGL Background Thread 3 ] DEBUG Engine               - class com.almasb.fxgl.app.FXGLApplication$GameApplicationService
13:01:50.583 [FXGL Background Thread 3 ] DEBUG Engine               - class com.almasb.fxgl.app.services.FXGLDialogService
13:01:50.583 [FXGL Background Thread 3 ] DEBUG Engine               - class com.almasb.fxgl.app.services.IOTaskExecutorService
13:01:50.583 [FXGL Background Thread 3 ] DEBUG Engine               - class com.almasb.fxgl.io.FileSystemService
13:01:50.583 [FXGL Background Thread 3 ] DEBUG Engine               - class com.almasb.fxgl.localization.LocalizationService
13:01:50.583 [FXGL Background Thread 3 ] DEBUG Engine               - class com.almasb.fxgl.app.services.SystemBundleService
13:01:50.584 [FXGL Background Thread 3 ] DEBUG Engine               - class com.almasb.fxgl.profile.SaveLoadService
13:01:50.584 [FXGL Background Thread 3 ] DEBUG Engine               - class com.almasb.fxgl.ui.FXGLUIFactoryServiceProvider
13:01:50.584 [FXGL Background Thread 3 ] DEBUG Engine               - class com.almasb.fxgl.ui.FXGLDialogFactoryServiceProvider
13:01:50.584 [FXGL Background Thread 3 ] DEBUG Engine               - class com.almasb.fxgl.audio.AudioPlayer
13:01:50.584 [FXGL Background Thread 3 ] DEBUG Engine               - class com.almasb.fxgl.notification.impl.NotificationServiceProvider
13:01:50.584 [FXGL Background Thread 3 ] DEBUG Engine               - class com.almasb.fxgl.achievement.AchievementService
13:01:50.584 [FXGL Background Thread 3 ] DEBUG Engine               - class com.almasb.fxgl.cutscene.CutsceneService
13:01:50.584 [FXGL Background Thread 3 ] DEBUG Engine               - class com.almasb.fxgl.minigames.MiniGameService
13:01:50.584 [FXGL Background Thread 3 ] DEBUG Engine               - class com.almasb.fxgl.net.NetService
13:01:50.584 [FXGL Background Thread 3 ] DEBUG Engine               - class com.almasb.fxgl.app.services.UpdaterService
13:01:50.584 [FXGL Background Thread 3 ] DEBUG Engine               - class com.almasb.fxgl.dev.DevService
13:01:51.627 [JavaFX Application Thread] DEBUG PrimaryStageWindow   - Push state: DialogSubScene
13:01:51.628 [JavaFX Application Thread] DEBUG Input                - Clearing active input actions
13:01:51.631 [JavaFX Application Thread] DEBUG GameApplicationServi - Removing overlay from GrosMenu and adding to DialogSubScene
13:01:51.632 [JavaFX Application Thread] DEBUG PrimaryStageWindow   - GrosMenu -> DialogSubScene
13:01:54.151 [JavaFX Application Thread] DEBUG PrimaryStageWindow   - Pop state: DialogSubScene
13:01:54.152 [JavaFX Application Thread] DEBUG Input                - Clearing active input actions
13:01:54.152 [JavaFX Application Thread] DEBUG GameApplicationServi - Removing overlay from DialogSubScene and adding to GrosMenu
13:01:54.152 [JavaFX Application Thread] DEBUG PrimaryStageWindow   - GrosMenu <- DialogSubScene
13:01:54.728 [JavaFX Application Thread] DEBUG Menu                 - fireNewGame()
13:01:54.728 [JavaFX Application Thread] DEBUG GameApplicationServi - Starting new game
13:01:54.729 [JavaFX Application Thread] DEBUG PrimaryStageWindow   - Pop state: GrosMenu
13:01:54.729 [JavaFX Application Thread] DEBUG Input                - Clearing active input actions
13:01:54.729 [JavaFX Application Thread] DEBUG GameApplicationServi - Removing overlay from GrosMenu and adding to FXGLMainMenuDummyScene
13:01:54.729 [JavaFX Application Thread] DEBUG PrimaryStageWindow   - FXGLMainMenuDummyScene <- GrosMenu
13:01:54.730 [JavaFX Application Thread] DEBUG Input                - Clearing active input actions
13:01:54.737 [JavaFX Application Thread] DEBUG GameApplicationServi - Removing overlay from FXGLMainMenuDummyScene and adding to FXGLLoadingScene
13:01:54.737 [JavaFX Application Thread] DEBUG PrimaryStageWindow   - FXGLMainMenuDummyScene -> FXGLLoadingScene
13:01:54.737 [JavaFX Application Thread] DEBUG GameApplicationServi - Clearing previous game
13:01:54.737 [JavaFX Application Thread] DEBUG GameScene            - Clearing game scene
13:01:54.737 [JavaFX Application Thread] DEBUG GameWorld            - Clearing game world
13:01:54.737 [JavaFX Application Thread] DEBUG PhysicsWorld         - Clearing physics world
13:01:54.739 [FXGL Background Thread 2 ] DEBUG FXGLApplication      - Initializing game
13:01:54.786 [FXGL Background Thread 2 ] WARN  TMXLevelLoader       - TiledMap generated from 1.7.2. Supported version: 1.2.3. Some features may not be parsed fully.
13:01:54.821 [FXGL Background Thread 2 ] DEBUG TMXLevelLoader       - Parsed TiledMap: file:/D:/Bomberman-master-origin/target/classes/assets/levels/level1.tmx
13:01:54.823 [FXGL Background Thread 2 ] DEBUG TMXLevelLoader       - Creating tile layer entities
13:01:54.825 [FXGL Background Thread 2 ] DEBUG TilesetLoader        - Loading view for layer Tile Layer 1
13:01:54.834 [FXGL Background Thread 2 ] DEBUG TilesetLoader        - Created buffer with size 1488.0x720.0
13:01:54.865 [FXGL Background Thread 2 ] DEBUG TMXLevelLoader       - Creating object layer entities
13:01:54.933 [FXGL Background Thread 2 ] DEBUG FXGLAssetLoaderServi - Loading from file system: file:/D:/Bomberman-master-origin/target/classes/assets/textures/player_die.png
13:01:54.937 [FXGL Background Thread 2 ] DEBUG FXGLAssetLoaderServi - Loading from file system: file:/D:/Bomberman-master-origin/target/classes/assets/textures/player_down.png
13:01:54.940 [FXGL Background Thread 2 ] DEBUG FXGLAssetLoaderServi - Loading from file system: file:/D:/Bomberman-master-origin/target/classes/assets/textures/player_right.png
13:01:54.943 [FXGL Background Thread 2 ] DEBUG FXGLAssetLoaderServi - Loading from file system: file:/D:/Bomberman-master-origin/target/classes/assets/textures/player_up.png
13:01:54.944 [FXGL Background Thread 2 ] DEBUG FXGLAssetLoaderServi - Loading from file system: file:/D:/Bomberman-master-origin/target/classes/assets/textures/player_left.png
13:01:54.954 [FXGL Background Thread 2 ] DEBUG FXGLAssetLoaderServi - Loading from file system: file:/D:/Bomberman-master-origin/target/classes/assets/textures/enemy1.png
13:01:55.035 [FXGL Background Thread 2 ] DEBUG FXGLAssetLoaderServi - Loading from file system: file:/D:/Bomberman-master-origin/target/classes/assets/textures/enemy2.png
13:01:55.052 [FXGL Background Thread 2 ] DEBUG FXGLAssetLoaderServi - Loading from file system: file:/D:/Bomberman-master-origin/target/classes/assets/textures/brick.png
13:01:55.079 [FXGL Background Thread 2 ] DEBUG FXGLAssetLoaderServi - Loading from file system: file:/D:/Bomberman-master-origin/target/classes/assets/textures/powerup_speed.png
13:01:55.084 [FXGL Background Thread 2 ] DEBUG FXGLAssetLoaderServi - Loading from file system: file:/D:/Bomberman-master-origin/target/classes/assets/textures/powerup_bombs.png
13:01:55.162 [FXGL Background Thread 2 ] DEBUG GameWorld            - Clearing removable entities
13:01:55.164 [FXGL Background Thread 2 ] DEBUG GameWorld            - Setting level: com.almasb.fxgl.entity.level.Level@25abf5df
13:01:55.237 [FXGL Background Thread 2 ] INFO  FXGLApplication      - Game initialization took: 0,497 sec
13:01:55.239 [JavaFX Application Thread] DEBUG Input                - Clearing active input actions
13:01:55.256 [JavaFX Application Thread] DEBUG GameApplicationServi - Removing overlay from FXGLLoadingScene and adding to GameScene
13:01:55.256 [JavaFX Application Thread] DEBUG PrimaryStageWindow   - FXGLLoadingScene -> GameScene
13:01:55.266 [JavaFX Application Thread] DEBUG PrimaryStageWindow   - Push state: tableplatentree
13:01:55.266 [JavaFX Application Thread] DEBUG Input                - Clearing active input actions
13:01:55.266 [JavaFX Application Thread] DEBUG GameApplicationServi - Removing overlay from GameScene and adding to tableplatentree
13:01:55.266 [JavaFX Application Thread] DEBUG PrimaryStageWindow   - GameScene -> tableplatentree
13:01:59.655 [JavaFX Application Thread] DEBUG PrimaryStageWindow   - Pop state: tableplatentree
13:01:59.655 [JavaFX Application Thread] DEBUG Input                - Clearing active input actions
13:01:59.656 [JavaFX Application Thread] DEBUG GameApplicationServi - Removing overlay from tableplatentree and adding to GameScene
13:01:59.656 [JavaFX Application Thread] DEBUG PrimaryStageWindow   - GameScene <- tableplatentree
13:02:01.020 [JavaFX Application Thread] DEBUG FXGLAssetLoaderServi - Loading from file system: file:/D:/Bomberman-master-origin/target/classes/assets/textures/bomb.png
13:02:01.022 [JavaFX Application Thread] WARN  FXGLAssetLoaderServi - Asset "/assets/sounds/place_bomb.wav" was not found!
13:02:01.022 [JavaFX Application Thread] WARN  FXGLAssetLoaderServi - Failed to load SOUND
13:02:02.491 [JavaFX Application Thread] DEBUG FXGLAssetLoaderServi - Loading from file system: file:/D:/Bomberman-master-origin/target/classes/assets/textures/top_right_flame.png
13:02:02.493 [JavaFX Application Thread] DEBUG FXGLAssetLoaderServi - Loading from file system: file:/D:/Bomberman-master-origin/target/classes/assets/textures/top_left_flame.png
13:02:02.494 [JavaFX Application Thread] DEBUG FXGLAssetLoaderServi - Loading from file system: file:/D:/Bomberman-master-origin/target/classes/assets/textures/top_down_flame.png
13:02:02.497 [JavaFX Application Thread] DEBUG FXGLAssetLoaderServi - Loading from file system: file:/D:/Bomberman-master-origin/target/classes/assets/textures/top_up_flame.png
13:02:02.499 [JavaFX Application Thread] DEBUG FXGLAssetLoaderServi - Loading from file system: file:/D:/Bomberman-master-origin/target/classes/assets/textures/central_flame.png
13:02:02.502 [JavaFX Application Thread] WARN  FXGLAssetLoaderServi - Asset "/assets/sounds/explosion.wav" was not found!
13:02:02.502 [JavaFX Application Thread] WARN  FXGLAssetLoaderServi - Failed to load SOUND
13:02:04.435 [JavaFX Application Thread] DEBUG PrimaryStageWindow   - Push state: RepriseMenu
13:02:04.435 [JavaFX Application Thread] DEBUG Input                - Clearing active input actions
13:02:04.436 [JavaFX Application Thread] DEBUG GameApplicationServi - Removing overlay from GameScene and adding to RepriseMenu
13:02:04.436 [JavaFX Application Thread] DEBUG PrimaryStageWindow   - GameScene -> RepriseMenu
13:02:05.945 [JavaFX Application Thread] DEBUG Menu                 - fireExit()
13:02:05.946 [JavaFX Application Thread] DEBUG PrimaryStageWindow   - Push state: DialogSubScene
13:02:05.946 [JavaFX Application Thread] DEBUG Input                - Clearing active input actions
13:02:05.947 [JavaFX Application Thread] DEBUG GameApplicationServi - Removing overlay from RepriseMenu and adding to DialogSubScene
13:02:05.947 [JavaFX Application Thread] DEBUG PrimaryStageWindow   - RepriseMenu -> DialogSubScene
13:02:06.540 [JavaFX Application Thread] DEBUG PrimaryStageWindow   - Pop state: DialogSubScene
13:02:06.541 [JavaFX Application Thread] DEBUG Input                - Clearing active input actions
13:02:06.541 [JavaFX Application Thread] DEBUG GameApplicationServi - Removing overlay from DialogSubScene and adding to RepriseMenu
13:02:06.541 [JavaFX Application Thread] DEBUG PrimaryStageWindow   - RepriseMenu <- DialogSubScene
13:02:06.541 [JavaFX Application Thread] DEBUG FXGLApplication      - Exiting FXGL
13:02:06.541 [JavaFX Application Thread] DEBUG LoopRunner           - Stopping loop
13:02:06.542 [JavaFX Application Thread] DEBUG SystemBundleService  - Saving FXGL system data
13:02:06.544 [JavaFX Application Thread] DEBUG FileSystemAccess     - Writing to: D:\Bomberman-master-origin\system\fxgl.bundle
13:02:06.546 [JavaFX Application Thread] DEBUG Async                - Shutting down background threads
13:02:06.546 [JavaFX Application Thread] DEBUG PrimaryStageWindow   - Closing main window
13:02:06.586 [JavaFX Application Thread] DEBUG Logger               - Closing Logger
