13:04:28.191 [main                     ] DEBUG Logger               - Configured Logger
13:04:28.196 [main                     ] DEBUG GameApplication      - Logging settings
Title: Untitled
Version: 0.0
Width: 1280
Height: 720
Fullscreen: true
Intro: false
Profiling: false
Single step:false
App Mode: DEVELOPER
Menu Key: ESCAPE
Stage Style: DECORATED
Scene Factory: class Bomberman.GameApp$1

13:04:28.655 [JavaFX Application Thread] DEBUG FXGLApplication      - Initializing FXGL
13:04:28.657 [JavaFX Application Thread] INFO  Engine               - FXGL-11.17 (16.07.2021 15.46) on WINDOWS (J:17.0.2 FX:16)
13:04:28.657 [JavaFX Application Thread] DEBUG Engine               - JRE Vendor Name: Oracle Corporation
13:04:28.658 [JavaFX Application Thread] DEBUG Engine               - Running on OS: Windows 10 version 10.0
13:04:28.658 [JavaFX Application Thread] DEBUG Engine               - Architecture: amd64
13:04:28.658 [JavaFX Application Thread] INFO  Engine               - Source code and latest versions at: https://github.com/AlmasB/FXGL
13:04:28.658 [JavaFX Application Thread] INFO  Engine               -              Join the FXGL chat at: https://gitter.im/AlmasB/FXGL
13:04:28.814 [JavaFX Application Thread] DEBUG PrimaryStageWindow   - Creating a JavaFX scene
13:04:28.911 [JavaFX Application Thread] DEBUG PrimaryStageWindow   - Target settings size: 1280.0 x 720.0
13:04:28.912 [JavaFX Application Thread] DEBUG PrimaryStageWindow   - Scaled scene size:    1280.0 x 720.0
13:04:28.912 [JavaFX Application Thread] DEBUG PrimaryStageWindow   - Scaled ratio: (1.0, 1.0)
13:04:28.915 [JavaFX Application Thread] DEBUG PrimaryStageWindow   - Set initial scene to FXGLStartupScene
13:04:28.931 [JavaFX Application Thread] DEBUG PrimaryStageWindow   - Opening main window
13:04:29.075 [JavaFX Application Thread] DEBUG PrimaryStageWindow   - Window border size: (14.4000244140625, 37.5999755859375)
13:04:29.075 [JavaFX Application Thread] DEBUG PrimaryStageWindow   - Scaled size: 1280.0 x 720.0
13:04:29.076 [JavaFX Application Thread] DEBUG PrimaryStageWindow   - Scaled ratio: (1.0, 1.0)
13:04:29.076 [JavaFX Application Thread] DEBUG PrimaryStageWindow   - Scene size: 1280.0 x 720.0
13:04:29.076 [JavaFX Application Thread] DEBUG PrimaryStageWindow   - Stage size: 1294.4000244140625 x 757.5999755859375
13:04:29.159 [JavaFX Application Thread] DEBUG PrimaryStageWindow   - Going fullscreen
13:04:29.174 [FXGL Background Thread 1 ] DEBUG Engine               - Initializing environment variables
13:04:29.258 [FXGL Background Thread 1 ] DEBUG FXGLAssetLoaderServi - User app class for loading assets: class Bomberman.GameApp
13:04:29.258 [FXGL Background Thread 1 ] DEBUG GameApplicationServi - Applying CSS: fxgl_dark.css
13:04:29.259 [FXGL Background Thread 1 ] DEBUG FXGLAssetLoaderServi - Loading from file system: jar:file:/C:/Users/david/.m2/repository/com/github/almasb/fxgl/11.17/fxgl-11.17.jar!/fxglassets/ui/css/fxgl_dark.css
13:04:29.329 [FXGL Background Thread 1 ] DEBUG GameApplicationServi - Initializing application scenes
13:04:29.391 [FXGL Background Thread 1 ] DEBUG GameWorld            - Game world initialized
13:04:29.479 [FXGL Background Thread 1 ] DEBUG PhysicsWorld         - Physics world initialized: appHeight=720, physics.ppm=50,0
13:04:29.479 [FXGL Background Thread 1 ] DEBUG PhysicsWorld         - Using strategy: BRUTE_FORCE
13:04:29.482 [FXGL Background Thread 1 ] DEBUG GameScene            - Game scene initialized: 1280x720
13:04:29.580 [FXGL Background Thread 1 ] DEBUG GameApplicationServi - Application scenes initialized
13:04:29.595 [FXGL Background Thread 1 ] DEBUG SystemBundleService  - Loading FXGL system data
13:04:29.602 [FXGL Background Thread 1 ] DEBUG FileSystemAccess     - Reading from: D:\Bomberman-master-origin\system\fxgl.bundle
13:04:29.609 [FXGL Background Thread 1 ] DEBUG SystemBundleService  - Bundle FXGL: {}
13:04:29.609 [FXGL Background Thread 1 ] DEBUG UpdaterService       - Checking for updates
13:04:29.617 [FXGL Background Thread 4 ] DEBUG FXGLApplication      - Loading fonts
13:04:29.617 [FXGL Background Thread 4 ] DEBUG FXGLAssetLoaderServi - Loading from file system: file:/D:/Bomberman-master-origin/target/classes/assets/ui/fonts/game_font.ttf
13:04:29.617 [FXGL Background Thread 1 ] DEBUG FXGLApplication      - Loading default localization
13:04:29.618 [FXGL Background Thread 1 ] DEBUG FXGLAssetLoaderServi - Loading from file system: jar:file:/C:/Users/david/.m2/repository/com/github/almasb/fxgl/11.17/fxgl-11.17.jar!/fxglassets/languages/english.lang
13:04:29.654 [FXGL Background Thread 1 ] INFO  FXGLApplication      - FXGL initialization took: 0,480 sec
13:04:29.666 [JavaFX Application Thread] DEBUG Input                - Registered new binding: Move Up - Z
13:04:29.666 [JavaFX Application Thread] DEBUG Input                - Registered new binding: Move Down - S
13:04:29.666 [JavaFX Application Thread] DEBUG Input                - Registered new binding: Move Left - Q
13:04:29.666 [JavaFX Application Thread] DEBUG Input                - Registered new binding: Move Right - D
13:04:29.667 [JavaFX Application Thread] DEBUG Input                - Registered new binding: Place Bomb - Space
13:04:29.667 [JavaFX Application Thread] WARN  FXGLAssetLoaderServi - Asset "/assets/music/stage_theme.mp3" was not found!
13:04:29.667 [JavaFX Application Thread] WARN  FXGLAssetLoaderServi - Failed to load MUSIC
13:04:29.669 [JavaFX Application Thread] DEBUG AudioPlayer          - Playing music com.almasb.fxgl.audio.Music@4aed4e6d
13:04:29.670 [JavaFX Application Thread] DEBUG FXGLAssetLoaderServi - Loading from file system: jar:file:/C:/Users/david/.m2/repository/com/github/almasb/fxgl/11.17/fxgl-11.17.jar!/fxglassets/textures/fxgl_icon.png
13:04:29.704 [JavaFX Application Thread] DEBUG FXGLAssetLoaderServi - Loading from file system: jar:file:/C:/Users/david/.m2/repository/com/github/almasb/fxgl/11.17/fxgl-11.17.jar!/fxglassets/textures/fxgl_default_cursor.png
13:04:29.707 [JavaFX Application Thread] DEBUG Input                - Registered new binding: Screenshot - CTRL+8
13:04:29.708 [JavaFX Application Thread] DEBUG Input                - Registered new binding: System info dump - CTRL+9
13:04:29.708 [JavaFX Application Thread] DEBUG Input                - Registered new binding: Restart - CTRL+R
13:04:29.709 [FXGL Background Thread 4 ] DEBUG FXGLAssetLoaderServi - Loading from file system: jar:file:/C:/Users/david/.m2/repository/com/github/almasb/fxgl/11.17/fxgl-11.17.jar!/fxglassets/ui/fonts/Abel-Regular.ttf
13:04:29.710 [JavaFX Application Thread] DEBUG Input                - Registered new binding: Toggle Debug Camera - CTRL+C
13:04:29.713 [JavaFX Application Thread] DEBUG LoopRunner           - Starting loop
13:04:29.713 [JavaFX Application Thread] DEBUG LoopRunner           - Initializing JavaFX AnimationTimerLoop
13:04:29.717 [JavaFX Application Thread] DEBUG Input                - Clearing active input actions
13:04:29.721 [FXGL Background Thread 4 ] DEBUG FXGLAssetLoaderServi - Loading from file system: jar:file:/C:/Users/david/.m2/repository/com/github/almasb/fxgl/11.17/fxgl-11.17.jar!/fxglassets/ui/fonts/lucida_console.ttf
13:04:29.726 [JavaFX Application Thread] DEBUG GameApplicationServi - Removing overlay from FXGLStartupScene and adding to FXGLMainMenuDummyScene
13:04:29.727 [JavaFX Application Thread] DEBUG PrimaryStageWindow   - FXGLStartupScene -> FXGLMainMenuDummyScene
13:04:29.727 [JavaFX Application Thread] DEBUG PrimaryStageWindow   - Push state: GrosMenu
13:04:29.727 [JavaFX Application Thread] DEBUG Input                - Clearing active input actions
13:04:29.734 [JavaFX Application Thread] DEBUG GameApplicationServi - Removing overlay from FXGLMainMenuDummyScene and adding to GrosMenu
13:04:29.735 [JavaFX Application Thread] DEBUG PrimaryStageWindow   - FXGLMainMenuDummyScene -> GrosMenu
13:04:29.735 [FXGL Background Thread 4 ] DEBUG FXGLAssetLoaderServi - Loading from file system: jar:file:/C:/Users/david/.m2/repository/com/github/almasb/fxgl/11.17/fxgl-11.17.jar!/fxglassets/ui/fonts/Courier-Prime.ttf
13:04:29.781 [JavaFX Application Thread] DEBUG FXGLApplication      - Registering font factories with UI factory
13:04:30.041 [FXGL Background Thread 2 ] INFO  UpdaterService       - Your current version:  11.17
13:04:30.041 [FXGL Background Thread 2 ] INFO  UpdaterService       - Latest stable version: 17.1
13:04:31.112 [JavaFX Application Thread] DEBUG Menu                 - fireNewGame()
13:04:31.112 [JavaFX Application Thread] DEBUG GameApplicationServi - Starting new game
13:04:31.113 [JavaFX Application Thread] DEBUG PrimaryStageWindow   - Pop state: GrosMenu
13:04:31.113 [JavaFX Application Thread] DEBUG Input                - Clearing active input actions
13:04:31.113 [JavaFX Application Thread] DEBUG GameApplicationServi - Removing overlay from GrosMenu and adding to FXGLMainMenuDummyScene
13:04:31.114 [JavaFX Application Thread] DEBUG PrimaryStageWindow   - FXGLMainMenuDummyScene <- GrosMenu
13:04:31.114 [JavaFX Application Thread] DEBUG Input                - Clearing active input actions
13:04:31.122 [JavaFX Application Thread] DEBUG GameApplicationServi - Removing overlay from FXGLMainMenuDummyScene and adding to FXGLLoadingScene
13:04:31.123 [JavaFX Application Thread] DEBUG PrimaryStageWindow   - FXGLMainMenuDummyScene -> FXGLLoadingScene
13:04:31.123 [JavaFX Application Thread] DEBUG GameApplicationServi - Clearing previous game
13:04:31.123 [JavaFX Application Thread] DEBUG GameScene            - Clearing game scene
13:04:31.123 [JavaFX Application Thread] DEBUG GameWorld            - Clearing game world
13:04:31.123 [JavaFX Application Thread] DEBUG PhysicsWorld         - Clearing physics world
13:04:31.128 [FXGL Background Thread 2 ] DEBUG FXGLApplication      - Initializing game
13:04:31.205 [FXGL Background Thread 2 ] WARN  TMXLevelLoader       - TiledMap generated from 1.7.2. Supported version: 1.2.3. Some features may not be parsed fully.
13:04:31.242 [FXGL Background Thread 2 ] DEBUG TMXLevelLoader       - Parsed TiledMap: file:/D:/Bomberman-master-origin/target/classes/assets/levels/level1.tmx
13:04:31.246 [FXGL Background Thread 2 ] DEBUG TMXLevelLoader       - Creating tile layer entities
13:04:31.248 [FXGL Background Thread 2 ] DEBUG TilesetLoader        - Loading view for layer Tile Layer 1
13:04:31.255 [FXGL Background Thread 2 ] DEBUG TilesetLoader        - Created buffer with size 1488.0x720.0
13:04:31.291 [FXGL Background Thread 2 ] DEBUG TMXLevelLoader       - Creating object layer entities
13:04:31.328 [FXGL Background Thread 2 ] DEBUG FXGLAssetLoaderServi - Loading from file system: file:/D:/Bomberman-master-origin/target/classes/assets/textures/player_die.png
13:04:31.334 [FXGL Background Thread 2 ] DEBUG FXGLAssetLoaderServi - Loading from file system: file:/D:/Bomberman-master-origin/target/classes/assets/textures/player_down.png
13:04:31.336 [FXGL Background Thread 2 ] DEBUG FXGLAssetLoaderServi - Loading from file system: file:/D:/Bomberman-master-origin/target/classes/assets/textures/player_right.png
13:04:31.337 [FXGL Background Thread 2 ] DEBUG FXGLAssetLoaderServi - Loading from file system: file:/D:/Bomberman-master-origin/target/classes/assets/textures/player_up.png
13:04:31.339 [FXGL Background Thread 2 ] DEBUG FXGLAssetLoaderServi - Loading from file system: file:/D:/Bomberman-master-origin/target/classes/assets/textures/player_left.png
13:04:31.350 [FXGL Background Thread 2 ] DEBUG FXGLAssetLoaderServi - Loading from file system: file:/D:/Bomberman-master-origin/target/classes/assets/textures/enemy1.png
13:04:31.405 [FXGL Background Thread 2 ] DEBUG FXGLAssetLoaderServi - Loading from file system: file:/D:/Bomberman-master-origin/target/classes/assets/textures/enemy2.png
13:04:31.418 [FXGL Background Thread 2 ] DEBUG FXGLAssetLoaderServi - Loading from file system: file:/D:/Bomberman-master-origin/target/classes/assets/textures/brick.png
13:04:31.435 [FXGL Background Thread 2 ] DEBUG FXGLAssetLoaderServi - Loading from file system: file:/D:/Bomberman-master-origin/target/classes/assets/textures/powerup_speed.png
13:04:31.436 [FXGL Background Thread 2 ] DEBUG FXGLAssetLoaderServi - Loading from file system: file:/D:/Bomberman-master-origin/target/classes/assets/textures/powerup_bombs.png
13:04:31.485 [FXGL Background Thread 2 ] DEBUG GameWorld            - Clearing removable entities
13:04:31.486 [FXGL Background Thread 2 ] DEBUG GameWorld            - Setting level: com.almasb.fxgl.entity.level.Level@7b1b527b
13:04:31.717 [FXGL Background Thread 2 ] INFO  FXGLApplication      - Game initialization took: 0,588 sec
13:04:31.718 [JavaFX Application Thread] DEBUG Input                - Clearing active input actions
13:04:31.741 [JavaFX Application Thread] DEBUG GameApplicationServi - Removing overlay from FXGLLoadingScene and adding to GameScene
13:04:31.741 [JavaFX Application Thread] DEBUG PrimaryStageWindow   - FXGLLoadingScene -> GameScene
13:04:31.749 [JavaFX Application Thread] DEBUG PrimaryStageWindow   - Push state: tableplatentree
13:04:31.749 [JavaFX Application Thread] DEBUG Input                - Clearing active input actions
13:04:31.750 [JavaFX Application Thread] DEBUG GameApplicationServi - Removing overlay from GameScene and adding to tableplatentree
13:04:31.750 [JavaFX Application Thread] DEBUG PrimaryStageWindow   - GameScene -> tableplatentree
13:04:32.615 [FXGL Background Thread 3 ] DEBUG Engine               - Logging environment variables
13:04:32.616 [FXGL Background Thread 3 ] DEBUG Engine               - achievements: []
13:04:32.616 [FXGL Background Thread 3 ] DEBUG Engine               - actualHeight: 864.0
13:04:32.617 [FXGL Background Thread 3 ] DEBUG Engine               - actualHeightProperty: ReadOnlyDoubleProperty [value: 864.0]
13:04:32.617 [FXGL Background Thread 3 ] DEBUG Engine               - actualWidth: 1536.0
13:04:32.618 [FXGL Background Thread 3 ] DEBUG Engine               - actualWidthProperty: ReadOnlyDoubleProperty [value: 1536.0]
13:04:32.618 [FXGL Background Thread 3 ] DEBUG Engine               - appIcon: fxgl_icon.png
13:04:32.619 [FXGL Background Thread 3 ] DEBUG Engine               - applicationMode: DEVELOPER
13:04:32.619 [FXGL Background Thread 3 ] DEBUG Engine               - cSSList: [fxgl_dark.css]
13:04:32.620 [FXGL Background Thread 3 ] DEBUG Engine               - collisionDetectionStrategy: BRUTE_FORCE
13:04:32.620 [FXGL Background Thread 3 ] DEBUG Engine               - configClass: Optional.empty
13:04:32.621 [FXGL Background Thread 3 ] DEBUG Engine               - credits: []
13:04:32.621 [FXGL Background Thread 3 ] DEBUG Engine               - defaultCursor: CursorInfo(imageName=fxgl_default_cursor.png, hotspotX=7.0, hotspotY=6.0)
13:04:32.622 [FXGL Background Thread 3 ] DEBUG Engine               - devBBoxColorProperty: ObjectProperty [value: 0xff0000ff]
13:04:32.622 [FXGL Background Thread 3 ] DEBUG Engine               - devEnableDebugCameraProperty: BooleanProperty [value: false]
13:04:32.623 [FXGL Background Thread 3 ] DEBUG Engine               - devSensorColorProperty: ObjectProperty [value: 0xffff00ff]
13:04:32.623 [FXGL Background Thread 3 ] DEBUG Engine               - devShowBBoxProperty: BooleanProperty [value: false]
13:04:32.623 [FXGL Background Thread 3 ] DEBUG Engine               - devShowPositionProperty: BooleanProperty [value: false]
13:04:32.624 [FXGL Background Thread 3 ] DEBUG Engine               - enabledMenuItems: []
13:04:32.624 [FXGL Background Thread 3 ] DEBUG Engine               - engineServices: [class com.almasb.fxgl.app.services.FXGLAssetLoaderService, class com.almasb.fxgl.app.FXGLApplication$GameApplicationService, class com.almasb.fxgl.app.services.FXGLDialogService, class com.almasb.fxgl.app.services.IOTaskExecutorService, class com.almasb.fxgl.io.FileSystemService, class com.almasb.fxgl.localization.LocalizationService, class com.almasb.fxgl.app.services.SystemBundleService, class com.almasb.fxgl.profile.SaveLoadService, class com.almasb.fxgl.ui.FXGLUIFactoryServiceProvider, class com.almasb.fxgl.ui.FXGLDialogFactoryServiceProvider, class com.almasb.fxgl.audio.AudioPlayer, class com.almasb.fxgl.notification.impl.NotificationServiceProvider, class com.almasb.fxgl.achievement.AchievementService, class com.almasb.fxgl.cutscene.CutsceneService, class com.almasb.fxgl.minigames.MiniGameService, class com.almasb.fxgl.net.NetService, class com.almasb.fxgl.app.services.UpdaterService, class com.almasb.fxgl.dev.DevService]
13:04:32.624 [FXGL Background Thread 3 ] DEBUG Engine               - fontGame: Abel-Regular.ttf
13:04:32.625 [FXGL Background Thread 3 ] DEBUG Engine               - fontMono: lucida_console.ttf
13:04:32.625 [FXGL Background Thread 3 ] DEBUG Engine               - fontText: Courier-Prime.ttf
13:04:32.626 [FXGL Background Thread 3 ] DEBUG Engine               - fontUI: game_font.ttf
13:04:32.626 [FXGL Background Thread 3 ] DEBUG Engine               - fullScreen: BooleanProperty [value: true]
13:04:32.626 [FXGL Background Thread 3 ] DEBUG Engine               - gameDifficulty: MEDIUM
13:04:32.627 [FXGL Background Thread 3 ] DEBUG Engine               - gameDifficultyProperty: ObjectProperty [value: MEDIUM]
13:04:32.627 [FXGL Background Thread 3 ] DEBUG Engine               - globalMusicVolume: 0.5
13:04:32.627 [FXGL Background Thread 3 ] DEBUG Engine               - globalMusicVolumeProperty: DoubleProperty [value: 0.5]
13:04:32.628 [FXGL Background Thread 3 ] DEBUG Engine               - globalSoundVolume: 0.5
13:04:32.628 [FXGL Background Thread 3 ] DEBUG Engine               - globalSoundVolumeProperty: DoubleProperty [value: 0.5]
13:04:32.628 [FXGL Background Thread 3 ] DEBUG Engine               - height: 720
13:04:32.628 [FXGL Background Thread 3 ] DEBUG Engine               - is3D: false
13:04:32.629 [FXGL Background Thread 3 ] DEBUG Engine               - isAndroid: false
13:04:32.629 [FXGL Background Thread 3 ] DEBUG Engine               - isBrowser: false
13:04:32.629 [FXGL Background Thread 3 ] DEBUG Engine               - isClickFeedbackEnabled: false
13:04:32.629 [FXGL Background Thread 3 ] DEBUG Engine               - isCloseConfirmation: false
13:04:32.630 [FXGL Background Thread 3 ] DEBUG Engine               - isDesktop: true
13:04:32.630 [FXGL Background Thread 3 ] DEBUG Engine               - isDeveloperMenuEnabled: false
13:04:32.630 [FXGL Background Thread 3 ] DEBUG Engine               - isEntityPreloadEnabled: true
13:04:32.630 [FXGL Background Thread 3 ] DEBUG Engine               - isExperimentalTiledLargeMap: false
13:04:32.630 [FXGL Background Thread 3 ] DEBUG Engine               - isFileSystemWriteAllowed: true
13:04:32.631 [FXGL Background Thread 3 ] DEBUG Engine               - isFullScreenAllowed: true
13:04:32.631 [FXGL Background Thread 3 ] DEBUG Engine               - isFullScreenFromStart: true
13:04:32.631 [FXGL Background Thread 3 ] DEBUG Engine               - isGameMenuEnabled: true
13:04:32.631 [FXGL Background Thread 3 ] DEBUG Engine               - isIOS: false
13:04:32.632 [FXGL Background Thread 3 ] DEBUG Engine               - isIntroEnabled: false
13:04:32.632 [FXGL Background Thread 3 ] DEBUG Engine               - isLinux: false
13:04:32.632 [FXGL Background Thread 3 ] DEBUG Engine               - isMac: false
13:04:32.633 [FXGL Background Thread 3 ] DEBUG Engine               - isMainMenuEnabled: true
13:04:32.634 [FXGL Background Thread 3 ] DEBUG Engine               - isManualResizeEnabled: false
13:04:32.634 [FXGL Background Thread 3 ] DEBUG Engine               - isMobile: false
13:04:32.634 [FXGL Background Thread 3 ] DEBUG Engine               - isNative: false
13:04:32.634 [FXGL Background Thread 3 ] DEBUG Engine               - isPauseMusicWhenMinimized: true
13:04:32.635 [FXGL Background Thread 3 ] DEBUG Engine               - isPreserveResizeRatio: false
13:04:32.635 [FXGL Background Thread 3 ] DEBUG Engine               - isProfilingEnabled: false
13:04:32.636 [FXGL Background Thread 3 ] DEBUG Engine               - isScaleAffectedOnResize: true
13:04:32.636 [FXGL Background Thread 3 ] DEBUG Engine               - isSingleStep: false
13:04:32.636 [FXGL Background Thread 3 ] DEBUG Engine               - isUserProfileEnabled: false
13:04:32.636 [FXGL Background Thread 3 ] DEBUG Engine               - isWindows: true
13:04:32.637 [FXGL Background Thread 3 ] DEBUG Engine               - language: ObjectProperty [value: ENGLISH]
13:04:32.637 [FXGL Background Thread 3 ] DEBUG Engine               - menuKey: ESCAPE
13:04:32.637 [FXGL Background Thread 3 ] DEBUG Engine               - mouseSensitivity: 0.2
13:04:32.637 [FXGL Background Thread 3 ] DEBUG Engine               - notificationViewClass: class com.almasb.fxgl.notification.view.XboxNotificationView
13:04:32.638 [FXGL Background Thread 3 ] DEBUG Engine               - pixelsPerMeter: 50.0
13:04:32.638 [FXGL Background Thread 3 ] DEBUG Engine               - platform: WINDOWS
13:04:32.638 [FXGL Background Thread 3 ] DEBUG Engine               - prefHeightProperty: ReadOnlyDoubleProperty [value: 720.0]
13:04:32.639 [FXGL Background Thread 3 ] DEBUG Engine               - prefWidthProperty: ReadOnlyDoubleProperty [value: 1280.0]
13:04:32.639 [FXGL Background Thread 3 ] DEBUG Engine               - profileDir: profiles/
13:04:32.639 [FXGL Background Thread 3 ] DEBUG Engine               - profileName: StringProperty [value: DEFAULT]
13:04:32.639 [FXGL Background Thread 3 ] DEBUG Engine               - randomSeed: -1
13:04:32.640 [FXGL Background Thread 3 ] DEBUG Engine               - runtimeInfo: RuntimeInfo(platform=WINDOWS, version=11.17, build=16.07.2021 15.46)
13:04:32.640 [FXGL Background Thread 3 ] DEBUG Engine               - saveFileExt: sav
13:04:32.640 [FXGL Background Thread 3 ] DEBUG Engine               - scaledHeightProp$fxgl: DoubleProperty [bound, value: 864.0]
13:04:32.641 [FXGL Background Thread 3 ] DEBUG Engine               - scaledWidthProp$fxgl: DoubleProperty [bound, value: 1536.0]
13:04:32.641 [FXGL Background Thread 3 ] DEBUG Engine               - sceneFactory: Bomberman.GameApp$1@58264a71
13:04:32.642 [FXGL Background Thread 3 ] DEBUG Engine               - secondsIn24h: 60
13:04:32.642 [FXGL Background Thread 3 ] DEBUG Engine               - soundMenuBack: menu/back.wav
13:04:32.643 [FXGL Background Thread 3 ] DEBUG Engine               - soundMenuPress: menu/press.wav
13:04:32.643 [FXGL Background Thread 3 ] DEBUG Engine               - soundMenuSelect: menu/select.wav
13:04:32.643 [FXGL Background Thread 3 ] DEBUG Engine               - soundNotification: core/notification.wav
13:04:32.643 [FXGL Background Thread 3 ] DEBUG Engine               - stageStyle: DECORATED
13:04:32.643 [FXGL Background Thread 3 ] DEBUG Engine               - supportedLanguages: [ENGLISH, FRENCH, GERMAN, HUNGARIAN, RUSSIAN]
13:04:32.644 [FXGL Background Thread 3 ] DEBUG Engine               - ticksPerSecond: -1
13:04:32.644 [FXGL Background Thread 3 ] DEBUG Engine               - title: Untitled
13:04:32.644 [FXGL Background Thread 3 ] DEBUG Engine               - urlGithub: https://github.com/AlmasB/FXGL
13:04:32.644 [FXGL Background Thread 3 ] DEBUG Engine               - urlLeaderboard: http://fxgl-top.herokuapp.com/
13:04:32.644 [FXGL Background Thread 3 ] DEBUG Engine               - urlPOM: https://raw.githubusercontent.com/AlmasB/FXGL/release/README.md
13:04:32.645 [FXGL Background Thread 3 ] DEBUG Engine               - userAppClass: class Bomberman.GameApp
13:04:32.645 [FXGL Background Thread 3 ] DEBUG Engine               - version: 0.0
13:04:32.645 [FXGL Background Thread 3 ] DEBUG Engine               - versionCheckDays: 7
13:04:32.645 [FXGL Background Thread 3 ] DEBUG Engine               - width: 1280
13:04:32.645 [FXGL Background Thread 3 ] DEBUG Engine               - Logging services
13:04:32.646 [FXGL Background Thread 3 ] DEBUG Engine               - class com.almasb.fxgl.app.services.FXGLAssetLoaderService
13:04:32.646 [FXGL Background Thread 3 ] DEBUG Engine               - class com.almasb.fxgl.app.FXGLApplication$GameApplicationService
13:04:32.647 [FXGL Background Thread 3 ] DEBUG Engine               - class com.almasb.fxgl.app.services.FXGLDialogService
13:04:32.647 [FXGL Background Thread 3 ] DEBUG Engine               - class com.almasb.fxgl.app.services.IOTaskExecutorService
13:04:32.647 [FXGL Background Thread 3 ] DEBUG Engine               - class com.almasb.fxgl.io.FileSystemService
13:04:32.647 [FXGL Background Thread 3 ] DEBUG Engine               - class com.almasb.fxgl.localization.LocalizationService
13:04:32.648 [FXGL Background Thread 3 ] DEBUG Engine               - class com.almasb.fxgl.app.services.SystemBundleService
13:04:32.648 [FXGL Background Thread 3 ] DEBUG Engine               - class com.almasb.fxgl.profile.SaveLoadService
13:04:32.648 [FXGL Background Thread 3 ] DEBUG Engine               - class com.almasb.fxgl.ui.FXGLUIFactoryServiceProvider
13:04:32.648 [FXGL Background Thread 3 ] DEBUG Engine               - class com.almasb.fxgl.ui.FXGLDialogFactoryServiceProvider
13:04:32.649 [FXGL Background Thread 3 ] DEBUG Engine               - class com.almasb.fxgl.audio.AudioPlayer
13:04:32.649 [FXGL Background Thread 3 ] DEBUG Engine               - class com.almasb.fxgl.notification.impl.NotificationServiceProvider
13:04:32.650 [FXGL Background Thread 3 ] DEBUG Engine               - class com.almasb.fxgl.achievement.AchievementService
13:04:32.650 [FXGL Background Thread 3 ] DEBUG Engine               - class com.almasb.fxgl.cutscene.CutsceneService
13:04:32.650 [FXGL Background Thread 3 ] DEBUG Engine               - class com.almasb.fxgl.minigames.MiniGameService
13:04:32.650 [FXGL Background Thread 3 ] DEBUG Engine               - class com.almasb.fxgl.net.NetService
13:04:32.651 [FXGL Background Thread 3 ] DEBUG Engine               - class com.almasb.fxgl.app.services.UpdaterService
13:04:32.651 [FXGL Background Thread 3 ] DEBUG Engine               - class com.almasb.fxgl.dev.DevService
13:04:35.978 [JavaFX Application Thread] DEBUG PrimaryStageWindow   - Pop state: tableplatentree
13:04:35.978 [JavaFX Application Thread] DEBUG Input                - Clearing active input actions
13:04:35.979 [JavaFX Application Thread] DEBUG GameApplicationServi - Removing overlay from tableplatentree and adding to GameScene
13:04:35.979 [JavaFX Application Thread] DEBUG PrimaryStageWindow   - GameScene <- tableplatentree
13:04:44.598 [JavaFX Application Thread] DEBUG FXGLAssetLoaderServi - Loading from file system: file:/D:/Bomberman-master-origin/target/classes/assets/textures/bomb.png
13:04:44.602 [JavaFX Application Thread] WARN  FXGLAssetLoaderServi - Asset "/assets/sounds/place_bomb.wav" was not found!
13:04:44.603 [JavaFX Application Thread] WARN  FXGLAssetLoaderServi - Failed to load SOUND
13:04:46.707 [JavaFX Application Thread] DEBUG FXGLAssetLoaderServi - Loading from file system: file:/D:/Bomberman-master-origin/target/classes/assets/textures/top_right_flame.png
13:04:46.712 [JavaFX Application Thread] DEBUG FXGLAssetLoaderServi - Loading from file system: file:/D:/Bomberman-master-origin/target/classes/assets/textures/top_left_flame.png
13:04:46.715 [JavaFX Application Thread] DEBUG FXGLAssetLoaderServi - Loading from file system: file:/D:/Bomberman-master-origin/target/classes/assets/textures/top_down_flame.png
13:04:46.717 [JavaFX Application Thread] DEBUG FXGLAssetLoaderServi - Loading from file system: file:/D:/Bomberman-master-origin/target/classes/assets/textures/top_up_flame.png
13:04:46.719 [JavaFX Application Thread] DEBUG FXGLAssetLoaderServi - Loading from file system: file:/D:/Bomberman-master-origin/target/classes/assets/textures/central_flame.png
13:04:46.723 [JavaFX Application Thread] WARN  FXGLAssetLoaderServi - Asset "/assets/sounds/explosion.wav" was not found!
13:04:46.723 [JavaFX Application Thread] WARN  FXGLAssetLoaderServi - Failed to load SOUND
13:04:50.437 [JavaFX Application Thread] WARN  FXGLAssetLoaderServi - Asset "/assets/sounds/place_bomb.wav" was not found!
13:04:50.437 [JavaFX Application Thread] WARN  FXGLAssetLoaderServi - Failed to load SOUND
13:04:52.603 [JavaFX Application Thread] WARN  FXGLAssetLoaderServi - Asset "/assets/sounds/explosion.wav" was not found!
13:04:52.603 [JavaFX Application Thread] WARN  FXGLAssetLoaderServi - Failed to load SOUND
13:04:52.612 [JavaFX Application Thread] DEBUG FXGLAssetLoaderServi - Loading from file system: file:/D:/Bomberman-master-origin/target/classes/assets/textures/brick_break.png
13:04:56.718 [JavaFX Application Thread] WARN  FXGLAssetLoaderServi - Asset "/assets/sounds/place_bomb.wav" was not found!
13:04:56.718 [JavaFX Application Thread] WARN  FXGLAssetLoaderServi - Failed to load SOUND
13:04:58.780 [JavaFX Application Thread] WARN  FXGLAssetLoaderServi - Asset "/assets/sounds/explosion.wav" was not found!
13:04:58.780 [JavaFX Application Thread] WARN  FXGLAssetLoaderServi - Failed to load SOUND
13:04:59.472 [JavaFX Application Thread] WARN  FXGLAssetLoaderServi - Asset "/assets/sounds/place_bomb.wav" was not found!
13:04:59.473 [JavaFX Application Thread] WARN  FXGLAssetLoaderServi - Failed to load SOUND
13:05:01.578 [JavaFX Application Thread] WARN  FXGLAssetLoaderServi - Asset "/assets/sounds/explosion.wav" was not found!
13:05:01.578 [JavaFX Application Thread] WARN  FXGLAssetLoaderServi - Failed to load SOUND
13:05:03.769 [JavaFX Application Thread] WARN  FXGLAssetLoaderServi - Asset "/assets/sounds/place_bomb.wav" was not found!
13:05:03.769 [JavaFX Application Thread] WARN  FXGLAssetLoaderServi - Failed to load SOUND
13:05:05.873 [JavaFX Application Thread] WARN  FXGLAssetLoaderServi - Asset "/assets/sounds/explosion.wav" was not found!
13:05:05.874 [JavaFX Application Thread] WARN  FXGLAssetLoaderServi - Failed to load SOUND
13:05:08.090 [JavaFX Application Thread] WARN  FXGLAssetLoaderServi - Asset "/assets/sounds/place_bomb.wav" was not found!
13:05:08.090 [JavaFX Application Thread] WARN  FXGLAssetLoaderServi - Failed to load SOUND
13:05:10.201 [JavaFX Application Thread] WARN  FXGLAssetLoaderServi - Asset "/assets/sounds/explosion.wav" was not found!
13:05:10.201 [JavaFX Application Thread] WARN  FXGLAssetLoaderServi - Failed to load SOUND
13:05:13.580 [JavaFX Application Thread] WARN  TMXLevelLoader       - TiledMap generated from 1.7.2. Supported version: 1.2.3. Some features may not be parsed fully.
13:05:13.594 [JavaFX Application Thread] DEBUG TMXLevelLoader       - Parsed TiledMap: file:/D:/Bomberman-master-origin/target/classes/assets/levels/level1.tmx
13:05:13.594 [JavaFX Application Thread] DEBUG TMXLevelLoader       - Creating tile layer entities
13:05:13.595 [JavaFX Application Thread] DEBUG TilesetLoader        - Loading view for layer Tile Layer 1
13:05:13.598 [JavaFX Application Thread] DEBUG TilesetLoader        - Created buffer with size 1488.0x720.0
13:05:13.618 [JavaFX Application Thread] DEBUG TMXLevelLoader       - Creating object layer entities
13:05:13.651 [JavaFX Application Thread] DEBUG GameWorld            - Clearing removable entities
13:05:13.659 [JavaFX Application Thread] DEBUG GameWorld            - Setting level: com.almasb.fxgl.entity.level.Level@419645b1
13:05:19.119 [JavaFX Application Thread] WARN  FXGLAssetLoaderServi - Asset "/assets/sounds/place_bomb.wav" was not found!
13:05:19.120 [JavaFX Application Thread] WARN  FXGLAssetLoaderServi - Failed to load SOUND
13:05:21.223 [JavaFX Application Thread] WARN  FXGLAssetLoaderServi - Asset "/assets/sounds/explosion.wav" was not found!
13:05:21.223 [JavaFX Application Thread] WARN  FXGLAssetLoaderServi - Failed to load SOUND
13:05:23.540 [JavaFX Application Thread] WARN  FXGLAssetLoaderServi - Asset "/assets/sounds/place_bomb.wav" was not found!
13:05:23.540 [JavaFX Application Thread] WARN  FXGLAssetLoaderServi - Failed to load SOUND
13:05:25.628 [JavaFX Application Thread] WARN  FXGLAssetLoaderServi - Asset "/assets/sounds/explosion.wav" was not found!
13:05:25.628 [JavaFX Application Thread] WARN  FXGLAssetLoaderServi - Failed to load SOUND
13:05:26.777 [JavaFX Application Thread] WARN  FXGLAssetLoaderServi - Asset "/assets/sounds/place_bomb.wav" was not found!
13:05:26.777 [JavaFX Application Thread] WARN  FXGLAssetLoaderServi - Failed to load SOUND
13:05:28.889 [JavaFX Application Thread] WARN  FXGLAssetLoaderServi - Asset "/assets/sounds/explosion.wav" was not found!
13:05:28.889 [JavaFX Application Thread] WARN  FXGLAssetLoaderServi - Failed to load SOUND
13:05:29.985 [JavaFX Application Thread] WARN  FXGLAssetLoaderServi - Asset "/assets/sounds/place_bomb.wav" was not found!
13:05:29.985 [JavaFX Application Thread] WARN  FXGLAssetLoaderServi - Failed to load SOUND
13:05:32.076 [JavaFX Application Thread] WARN  FXGLAssetLoaderServi - Asset "/assets/sounds/explosion.wav" was not found!
13:05:32.076 [JavaFX Application Thread] WARN  FXGLAssetLoaderServi - Failed to load SOUND
13:05:34.003 [JavaFX Application Thread] WARN  FXGLAssetLoaderServi - Asset "/assets/sounds/place_bomb.wav" was not found!
13:05:34.003 [JavaFX Application Thread] WARN  FXGLAssetLoaderServi - Failed to load SOUND
13:05:36.123 [JavaFX Application Thread] WARN  FXGLAssetLoaderServi - Asset "/assets/sounds/explosion.wav" was not found!
13:05:36.123 [JavaFX Application Thread] WARN  FXGLAssetLoaderServi - Failed to load SOUND
13:05:38.738 [JavaFX Application Thread] WARN  FXGLAssetLoaderServi - Asset "/assets/sounds/place_bomb.wav" was not found!
13:05:38.739 [JavaFX Application Thread] WARN  FXGLAssetLoaderServi - Failed to load SOUND
13:05:40.812 [JavaFX Application Thread] WARN  FXGLAssetLoaderServi - Asset "/assets/sounds/explosion.wav" was not found!
13:05:40.812 [JavaFX Application Thread] WARN  FXGLAssetLoaderServi - Failed to load SOUND
13:05:43.874 [JavaFX Application Thread] WARN  FXGLAssetLoaderServi - Asset "/assets/sounds/place_bomb.wav" was not found!
13:05:43.874 [JavaFX Application Thread] WARN  FXGLAssetLoaderServi - Failed to load SOUND
13:05:45.979 [JavaFX Application Thread] WARN  FXGLAssetLoaderServi - Asset "/assets/sounds/explosion.wav" was not found!
13:05:45.979 [JavaFX Application Thread] WARN  FXGLAssetLoaderServi - Failed to load SOUND
13:05:46.643 [JavaFX Application Thread] WARN  FXGLAssetLoaderServi - Asset "/assets/sounds/place_bomb.wav" was not found!
13:05:46.643 [JavaFX Application Thread] WARN  FXGLAssetLoaderServi - Failed to load SOUND
13:05:48.760 [JavaFX Application Thread] WARN  FXGLAssetLoaderServi - Asset "/assets/sounds/explosion.wav" was not found!
13:05:48.760 [JavaFX Application Thread] WARN  FXGLAssetLoaderServi - Failed to load SOUND
13:05:49.025 [JavaFX Application Thread] WARN  FXGLAssetLoaderServi - Asset "/assets/sounds/place_bomb.wav" was not found!
13:05:49.026 [JavaFX Application Thread] WARN  FXGLAssetLoaderServi - Failed to load SOUND
13:05:51.116 [JavaFX Application Thread] WARN  FXGLAssetLoaderServi - Asset "/assets/sounds/explosion.wav" was not found!
13:05:51.116 [JavaFX Application Thread] WARN  FXGLAssetLoaderServi - Failed to load SOUND
13:05:51.847 [JavaFX Application Thread] WARN  FXGLAssetLoaderServi - Asset "/assets/sounds/place_bomb.wav" was not found!
13:05:51.847 [JavaFX Application Thread] WARN  FXGLAssetLoaderServi - Failed to load SOUND
13:05:53.948 [JavaFX Application Thread] WARN  FXGLAssetLoaderServi - Asset "/assets/sounds/explosion.wav" was not found!
13:05:53.948 [JavaFX Application Thread] WARN  FXGLAssetLoaderServi - Failed to load SOUND
13:05:54.585 [JavaFX Application Thread] WARN  FXGLAssetLoaderServi - Asset "/assets/sounds/place_bomb.wav" was not found!
13:05:54.585 [JavaFX Application Thread] WARN  FXGLAssetLoaderServi - Failed to load SOUND
13:05:56.670 [JavaFX Application Thread] WARN  FXGLAssetLoaderServi - Asset "/assets/sounds/explosion.wav" was not found!
13:05:56.670 [JavaFX Application Thread] WARN  FXGLAssetLoaderServi - Failed to load SOUND
13:05:57.208 [JavaFX Application Thread] WARN  FXGLAssetLoaderServi - Asset "/assets/sounds/place_bomb.wav" was not found!
13:05:57.208 [JavaFX Application Thread] WARN  FXGLAssetLoaderServi - Failed to load SOUND
13:05:59.326 [JavaFX Application Thread] WARN  FXGLAssetLoaderServi - Asset "/assets/sounds/explosion.wav" was not found!
13:05:59.326 [JavaFX Application Thread] WARN  FXGLAssetLoaderServi - Failed to load SOUND
13:06:01.210 [JavaFX Application Thread] WARN  FXGLAssetLoaderServi - Asset "/assets/sounds/powerup.wav" was not found!
13:06:01.210 [JavaFX Application Thread] WARN  FXGLAssetLoaderServi - Failed to load SOUND
13:06:02.897 [JavaFX Application Thread] WARN  FXGLAssetLoaderServi - Asset "/assets/sounds/place_bomb.wav" was not found!
13:06:02.898 [JavaFX Application Thread] WARN  FXGLAssetLoaderServi - Failed to load SOUND
13:06:04.968 [JavaFX Application Thread] WARN  FXGLAssetLoaderServi - Asset "/assets/sounds/explosion.wav" was not found!
13:06:04.969 [JavaFX Application Thread] WARN  FXGLAssetLoaderServi - Failed to load SOUND
13:06:10.429 [JavaFX Application Thread] WARN  TMXLevelLoader       - TiledMap generated from 1.7.2. Supported version: 1.2.3. Some features may not be parsed fully.
13:06:10.438 [JavaFX Application Thread] DEBUG TMXLevelLoader       - Parsed TiledMap: file:/D:/Bomberman-master-origin/target/classes/assets/levels/level1.tmx
13:06:10.438 [JavaFX Application Thread] DEBUG TMXLevelLoader       - Creating tile layer entities
13:06:10.439 [JavaFX Application Thread] DEBUG TilesetLoader        - Loading view for layer Tile Layer 1
13:06:10.444 [JavaFX Application Thread] DEBUG TilesetLoader        - Created buffer with size 1488.0x720.0
13:06:10.459 [JavaFX Application Thread] DEBUG TMXLevelLoader       - Creating object layer entities
13:06:10.478 [JavaFX Application Thread] DEBUG GameWorld            - Clearing removable entities
13:06:10.483 [JavaFX Application Thread] DEBUG GameWorld            - Setting level: com.almasb.fxgl.entity.level.Level@2091a2c
13:06:14.156 [JavaFX Application Thread] WARN  FXGLAssetLoaderServi - Asset "/assets/sounds/place_bomb.wav" was not found!
13:06:14.157 [JavaFX Application Thread] WARN  FXGLAssetLoaderServi - Failed to load SOUND
13:06:16.240 [JavaFX Application Thread] WARN  FXGLAssetLoaderServi - Asset "/assets/sounds/explosion.wav" was not found!
13:06:16.241 [JavaFX Application Thread] WARN  FXGLAssetLoaderServi - Failed to load SOUND
13:06:21.134 [JavaFX Application Thread] WARN  FXGLAssetLoaderServi - Asset "/assets/sounds/place_bomb.wav" was not found!
13:06:21.134 [JavaFX Application Thread] WARN  FXGLAssetLoaderServi - Failed to load SOUND
13:06:24.798 [JavaFX Application Thread] DEBUG PrimaryStageWindow   - Push state: tableplatdessert
13:06:24.798 [JavaFX Application Thread] DEBUG Input                - Clearing active input actions
13:06:24.799 [JavaFX Application Thread] DEBUG GameApplicationServi - Removing overlay from GameScene and adding to tableplatdessert
13:06:24.799 [JavaFX Application Thread] DEBUG PrimaryStageWindow   - GameScene -> tableplatdessert
13:06:40.153 [JavaFX Application Thread] DEBUG PrimaryStageWindow   - Pop state: tableplatdessert
13:06:40.153 [JavaFX Application Thread] DEBUG Input                - Clearing active input actions
13:06:40.153 [JavaFX Application Thread] DEBUG GameApplicationServi - Removing overlay from tableplatdessert and adding to GameScene
13:06:40.153 [JavaFX Application Thread] DEBUG PrimaryStageWindow   - GameScene <- tableplatdessert
13:06:40.153 [JavaFX Application Thread] DEBUG Input                - Clearing active input actions
13:06:40.159 [JavaFX Application Thread] DEBUG GameApplicationServi - Removing overlay from GameScene and adding to FXGLMainMenuDummyScene
13:06:40.159 [JavaFX Application Thread] DEBUG PrimaryStageWindow   - GameScene -> FXGLMainMenuDummyScene
13:06:40.159 [JavaFX Application Thread] DEBUG PrimaryStageWindow   - Push state: GrosMenu
13:06:40.159 [JavaFX Application Thread] DEBUG Input                - Clearing active input actions
13:06:40.160 [JavaFX Application Thread] DEBUG GameApplicationServi - Removing overlay from FXGLMainMenuDummyScene and adding to GrosMenu
13:06:40.160 [JavaFX Application Thread] DEBUG PrimaryStageWindow   - FXGLMainMenuDummyScene -> GrosMenu
13:06:43.169 [JavaFX Application Thread] DEBUG Menu                 - fireExit()
13:06:43.175 [JavaFX Application Thread] DEBUG PrimaryStageWindow   - Push state: DialogSubScene
13:06:43.175 [JavaFX Application Thread] DEBUG Input                - Clearing active input actions
13:06:43.175 [JavaFX Application Thread] DEBUG GameApplicationServi - Removing overlay from GrosMenu and adding to DialogSubScene
13:06:43.175 [JavaFX Application Thread] DEBUG PrimaryStageWindow   - GrosMenu -> DialogSubScene
13:06:44.024 [JavaFX Application Thread] DEBUG PrimaryStageWindow   - Pop state: DialogSubScene
13:06:44.024 [JavaFX Application Thread] DEBUG Input                - Clearing active input actions
13:06:44.025 [JavaFX Application Thread] DEBUG GameApplicationServi - Removing overlay from DialogSubScene and adding to GrosMenu
13:06:44.025 [JavaFX Application Thread] DEBUG PrimaryStageWindow   - GrosMenu <- DialogSubScene
13:06:44.025 [JavaFX Application Thread] DEBUG FXGLApplication      - Exiting FXGL
13:06:44.025 [JavaFX Application Thread] DEBUG LoopRunner           - Stopping loop
13:06:44.025 [JavaFX Application Thread] DEBUG SystemBundleService  - Saving FXGL system data
13:06:44.027 [JavaFX Application Thread] DEBUG FileSystemAccess     - Writing to: D:\Bomberman-master-origin\system\fxgl.bundle
13:06:44.029 [JavaFX Application Thread] DEBUG Async                - Shutting down background threads
13:06:44.029 [JavaFX Application Thread] DEBUG PrimaryStageWindow   - Closing main window
13:06:44.064 [JavaFX Application Thread] DEBUG Logger               - Closing Logger
