13:19:53.531 [main                     ] DEBUG Logger               - Configured Logger
13:19:53.537 [main                     ] DEBUG GameApplication      - Logging settings
Title: Untitled
Version: 0.0
Width: 1280
Height: 720
Fullscreen: true
Intro: false
Profiling: false
Single step:false
App Mode: DEVELOPER
Menu Key: ESCAPE
Stage Style: DECORATED
Scene Factory: class Bomberman.GameApp$1

13:19:54.155 [JavaFX Application Thread] DEBUG FXGLApplication      - Initializing FXGL
13:19:54.157 [JavaFX Application Thread] INFO  Engine               - FXGL-11.17 (16.07.2021 15.46) on WINDOWS (J:17.0.2 FX:16)
13:19:54.158 [JavaFX Application Thread] DEBUG Engine               - JRE Vendor Name: Oracle Corporation
13:19:54.158 [JavaFX Application Thread] DEBUG Engine               - Running on OS: Windows 10 version 10.0
13:19:54.158 [JavaFX Application Thread] DEBUG Engine               - Architecture: amd64
13:19:54.158 [JavaFX Application Thread] INFO  Engine               - Source code and latest versions at: https://github.com/AlmasB/FXGL
13:19:54.158 [JavaFX Application Thread] INFO  Engine               -              Join the FXGL chat at: https://gitter.im/AlmasB/FXGL
13:19:54.305 [JavaFX Application Thread] DEBUG PrimaryStageWindow   - Creating a JavaFX scene
13:19:54.374 [JavaFX Application Thread] DEBUG PrimaryStageWindow   - Target settings size: 1280.0 x 720.0
13:19:54.374 [JavaFX Application Thread] DEBUG PrimaryStageWindow   - Scaled scene size:    1280.0 x 720.0
13:19:54.375 [JavaFX Application Thread] DEBUG PrimaryStageWindow   - Scaled ratio: (1.0, 1.0)
13:19:54.376 [JavaFX Application Thread] DEBUG PrimaryStageWindow   - Set initial scene to FXGLStartupScene
13:19:54.390 [JavaFX Application Thread] DEBUG PrimaryStageWindow   - Opening main window
13:19:54.510 [JavaFX Application Thread] DEBUG PrimaryStageWindow   - Window border size: (14.4000244140625, 37.5999755859375)
13:19:54.510 [JavaFX Application Thread] DEBUG PrimaryStageWindow   - Scaled size: 1280.0 x 720.0
13:19:54.510 [JavaFX Application Thread] DEBUG PrimaryStageWindow   - Scaled ratio: (1.0, 1.0)
13:19:54.511 [JavaFX Application Thread] DEBUG PrimaryStageWindow   - Scene size: 1280.0 x 720.0
13:19:54.511 [JavaFX Application Thread] DEBUG PrimaryStageWindow   - Stage size: 1294.4000244140625 x 757.5999755859375
13:19:54.600 [JavaFX Application Thread] DEBUG PrimaryStageWindow   - Going fullscreen
13:19:54.616 [FXGL Background Thread 1 ] DEBUG Engine               - Initializing environment variables
13:19:54.713 [FXGL Background Thread 1 ] DEBUG FXGLAssetLoaderServi - User app class for loading assets: class Bomberman.GameApp
13:19:54.714 [FXGL Background Thread 1 ] DEBUG GameApplicationServi - Applying CSS: fxgl_dark.css
13:19:54.715 [FXGL Background Thread 1 ] DEBUG FXGLAssetLoaderServi - Loading from file system: jar:file:/C:/Users/david/.m2/repository/com/github/almasb/fxgl/11.17/fxgl-11.17.jar!/fxglassets/ui/css/fxgl_dark.css
13:19:54.795 [FXGL Background Thread 1 ] DEBUG GameApplicationServi - Initializing application scenes
13:19:54.852 [FXGL Background Thread 1 ] DEBUG GameWorld            - Game world initialized
13:19:54.946 [FXGL Background Thread 1 ] DEBUG PhysicsWorld         - Physics world initialized: appHeight=720, physics.ppm=50,0
13:19:54.947 [FXGL Background Thread 1 ] DEBUG PhysicsWorld         - Using strategy: BRUTE_FORCE
13:19:54.951 [FXGL Background Thread 1 ] DEBUG GameScene            - Game scene initialized: 1280x720
13:19:55.062 [FXGL Background Thread 1 ] DEBUG GameApplicationServi - Application scenes initialized
13:19:55.075 [FXGL Background Thread 1 ] DEBUG SystemBundleService  - Loading FXGL system data
13:19:55.082 [FXGL Background Thread 1 ] DEBUG FileSystemAccess     - Reading from: D:\Bomberman-master-origin\system\fxgl.bundle
13:19:55.089 [FXGL Background Thread 1 ] DEBUG SystemBundleService  - Bundle FXGL: {}
13:19:55.089 [FXGL Background Thread 1 ] DEBUG UpdaterService       - Checking for updates
13:19:55.098 [FXGL Background Thread 4 ] DEBUG FXGLApplication      - Loading fonts
13:19:55.098 [FXGL Background Thread 4 ] DEBUG FXGLAssetLoaderServi - Loading from file system: file:/D:/Bomberman-master-origin/target/classes/assets/ui/fonts/game_font.ttf
13:19:55.099 [FXGL Background Thread 1 ] DEBUG FXGLApplication      - Loading default localization
13:19:55.100 [FXGL Background Thread 1 ] DEBUG FXGLAssetLoaderServi - Loading from file system: jar:file:/C:/Users/david/.m2/repository/com/github/almasb/fxgl/11.17/fxgl-11.17.jar!/fxglassets/languages/english.lang
13:19:55.138 [FXGL Background Thread 1 ] INFO  FXGLApplication      - FXGL initialization took: 0,522 sec
13:19:55.149 [JavaFX Application Thread] DEBUG Input                - Registered new binding: Move Up - Z
13:19:55.149 [JavaFX Application Thread] DEBUG Input                - Registered new binding: Move Down - S
13:19:55.150 [JavaFX Application Thread] DEBUG Input                - Registered new binding: Move Left - Q
13:19:55.150 [JavaFX Application Thread] DEBUG Input                - Registered new binding: Move Right - D
13:19:55.150 [JavaFX Application Thread] DEBUG Input                - Registered new binding: Place Bomb - Space
13:19:55.150 [JavaFX Application Thread] WARN  FXGLAssetLoaderServi - Asset "/assets/music/stage_theme.mp3" was not found!
13:19:55.151 [JavaFX Application Thread] WARN  FXGLAssetLoaderServi - Failed to load MUSIC
13:19:55.153 [JavaFX Application Thread] DEBUG AudioPlayer          - Playing music com.almasb.fxgl.audio.Music@7cdd24fa
13:19:55.153 [JavaFX Application Thread] DEBUG FXGLAssetLoaderServi - Loading from file system: jar:file:/C:/Users/david/.m2/repository/com/github/almasb/fxgl/11.17/fxgl-11.17.jar!/fxglassets/textures/fxgl_icon.png
13:19:55.189 [JavaFX Application Thread] DEBUG FXGLAssetLoaderServi - Loading from file system: jar:file:/C:/Users/david/.m2/repository/com/github/almasb/fxgl/11.17/fxgl-11.17.jar!/fxglassets/textures/fxgl_default_cursor.png
13:19:55.190 [FXGL Background Thread 4 ] DEBUG FXGLAssetLoaderServi - Loading from file system: jar:file:/C:/Users/david/.m2/repository/com/github/almasb/fxgl/11.17/fxgl-11.17.jar!/fxglassets/ui/fonts/Abel-Regular.ttf
13:19:55.192 [JavaFX Application Thread] DEBUG Input                - Registered new binding: Screenshot - CTRL+8
13:19:55.193 [JavaFX Application Thread] DEBUG Input                - Registered new binding: System info dump - CTRL+9
13:19:55.193 [JavaFX Application Thread] DEBUG Input                - Registered new binding: Restart - CTRL+R
13:19:55.195 [JavaFX Application Thread] DEBUG Input                - Registered new binding: Toggle Debug Camera - CTRL+C
13:19:55.198 [JavaFX Application Thread] DEBUG LoopRunner           - Starting loop
13:19:55.198 [JavaFX Application Thread] DEBUG LoopRunner           - Initializing JavaFX AnimationTimerLoop
13:19:55.201 [FXGL Background Thread 4 ] DEBUG FXGLAssetLoaderServi - Loading from file system: jar:file:/C:/Users/david/.m2/repository/com/github/almasb/fxgl/11.17/fxgl-11.17.jar!/fxglassets/ui/fonts/lucida_console.ttf
13:19:55.204 [JavaFX Application Thread] DEBUG Input                - Clearing active input actions
13:19:55.214 [JavaFX Application Thread] DEBUG GameApplicationServi - Removing overlay from FXGLStartupScene and adding to FXGLMainMenuDummyScene
13:19:55.215 [JavaFX Application Thread] DEBUG PrimaryStageWindow   - FXGLStartupScene -> FXGLMainMenuDummyScene
13:19:55.215 [JavaFX Application Thread] DEBUG PrimaryStageWindow   - Push state: GrosMenu
13:19:55.215 [JavaFX Application Thread] DEBUG Input                - Clearing active input actions
13:19:55.216 [FXGL Background Thread 4 ] DEBUG FXGLAssetLoaderServi - Loading from file system: jar:file:/C:/Users/david/.m2/repository/com/github/almasb/fxgl/11.17/fxgl-11.17.jar!/fxglassets/ui/fonts/Courier-Prime.ttf
13:19:55.221 [JavaFX Application Thread] DEBUG GameApplicationServi - Removing overlay from FXGLMainMenuDummyScene and adding to GrosMenu
13:19:55.222 [JavaFX Application Thread] DEBUG PrimaryStageWindow   - FXGLMainMenuDummyScene -> GrosMenu
13:19:55.268 [JavaFX Application Thread] DEBUG FXGLApplication      - Registering font factories with UI factory
13:19:55.665 [FXGL Background Thread 2 ] INFO  UpdaterService       - Your current version:  11.17
13:19:55.666 [FXGL Background Thread 2 ] INFO  UpdaterService       - Latest stable version: 17.1
13:19:56.503 [JavaFX Application Thread] DEBUG Menu                 - fireNewGame()
13:19:56.503 [JavaFX Application Thread] DEBUG GameApplicationServi - Starting new game
13:19:56.503 [JavaFX Application Thread] DEBUG PrimaryStageWindow   - Pop state: GrosMenu
13:19:56.503 [JavaFX Application Thread] DEBUG Input                - Clearing active input actions
13:19:56.504 [JavaFX Application Thread] DEBUG GameApplicationServi - Removing overlay from GrosMenu and adding to FXGLMainMenuDummyScene
13:19:56.505 [JavaFX Application Thread] DEBUG PrimaryStageWindow   - FXGLMainMenuDummyScene <- GrosMenu
13:19:56.505 [JavaFX Application Thread] DEBUG Input                - Clearing active input actions
13:19:56.516 [JavaFX Application Thread] DEBUG GameApplicationServi - Removing overlay from FXGLMainMenuDummyScene and adding to FXGLLoadingScene
13:19:56.516 [JavaFX Application Thread] DEBUG PrimaryStageWindow   - FXGLMainMenuDummyScene -> FXGLLoadingScene
13:19:56.516 [JavaFX Application Thread] DEBUG GameApplicationServi - Clearing previous game
13:19:56.517 [JavaFX Application Thread] DEBUG GameScene            - Clearing game scene
13:19:56.517 [JavaFX Application Thread] DEBUG GameWorld            - Clearing game world
13:19:56.517 [JavaFX Application Thread] DEBUG PhysicsWorld         - Clearing physics world
13:19:56.519 [FXGL Background Thread 2 ] DEBUG FXGLApplication      - Initializing game
13:19:56.589 [FXGL Background Thread 2 ] WARN  TMXLevelLoader       - TiledMap generated from 1.7.2. Supported version: 1.2.3. Some features may not be parsed fully.
13:19:56.618 [FXGL Background Thread 2 ] DEBUG TMXLevelLoader       - Parsed TiledMap: file:/D:/Bomberman-master-origin/target/classes/assets/levels/level1.tmx
13:19:56.620 [FXGL Background Thread 2 ] DEBUG TMXLevelLoader       - Creating tile layer entities
13:19:56.621 [FXGL Background Thread 2 ] DEBUG TilesetLoader        - Loading view for layer Tile Layer 1
13:19:56.628 [FXGL Background Thread 2 ] DEBUG TilesetLoader        - Created buffer with size 1488.0x720.0
13:19:56.669 [FXGL Background Thread 2 ] DEBUG TMXLevelLoader       - Creating object layer entities
13:19:56.705 [FXGL Background Thread 2 ] DEBUG FXGLAssetLoaderServi - Loading from file system: file:/D:/Bomberman-master-origin/target/classes/assets/textures/player_die.png
13:19:56.709 [FXGL Background Thread 2 ] DEBUG FXGLAssetLoaderServi - Loading from file system: file:/D:/Bomberman-master-origin/target/classes/assets/textures/player_down.png
13:19:56.711 [FXGL Background Thread 2 ] DEBUG FXGLAssetLoaderServi - Loading from file system: file:/D:/Bomberman-master-origin/target/classes/assets/textures/player_right.png
13:19:56.713 [FXGL Background Thread 2 ] DEBUG FXGLAssetLoaderServi - Loading from file system: file:/D:/Bomberman-master-origin/target/classes/assets/textures/player_up.png
13:19:56.714 [FXGL Background Thread 2 ] DEBUG FXGLAssetLoaderServi - Loading from file system: file:/D:/Bomberman-master-origin/target/classes/assets/textures/player_left.png
13:19:56.721 [FXGL Background Thread 2 ] DEBUG FXGLAssetLoaderServi - Loading from file system: file:/D:/Bomberman-master-origin/target/classes/assets/textures/enemy1.png
13:19:56.783 [FXGL Background Thread 2 ] DEBUG FXGLAssetLoaderServi - Loading from file system: file:/D:/Bomberman-master-origin/target/classes/assets/textures/enemy2.png
13:19:56.794 [FXGL Background Thread 2 ] DEBUG FXGLAssetLoaderServi - Loading from file system: file:/D:/Bomberman-master-origin/target/classes/assets/textures/brick.png
13:19:56.810 [FXGL Background Thread 2 ] DEBUG FXGLAssetLoaderServi - Loading from file system: file:/D:/Bomberman-master-origin/target/classes/assets/textures/powerup_speed.png
13:19:56.812 [FXGL Background Thread 2 ] DEBUG FXGLAssetLoaderServi - Loading from file system: file:/D:/Bomberman-master-origin/target/classes/assets/textures/powerup_bombs.png
13:19:56.868 [FXGL Background Thread 2 ] DEBUG GameWorld            - Clearing removable entities
13:19:56.869 [FXGL Background Thread 2 ] DEBUG GameWorld            - Setting level: com.almasb.fxgl.entity.level.Level@3976e47b
13:19:57.121 [FXGL Background Thread 2 ] INFO  FXGLApplication      - Game initialization took: 0,602 sec
13:19:57.123 [JavaFX Application Thread] DEBUG Input                - Clearing active input actions
13:19:57.147 [JavaFX Application Thread] DEBUG GameApplicationServi - Removing overlay from FXGLLoadingScene and adding to GameScene
13:19:57.148 [JavaFX Application Thread] DEBUG PrimaryStageWindow   - FXGLLoadingScene -> GameScene
13:19:57.158 [JavaFX Application Thread] DEBUG PrimaryStageWindow   - Push state: tableplatentree
13:19:57.158 [JavaFX Application Thread] DEBUG Input                - Clearing active input actions
13:19:57.158 [JavaFX Application Thread] DEBUG GameApplicationServi - Removing overlay from GameScene and adding to tableplatentree
13:19:57.159 [JavaFX Application Thread] DEBUG PrimaryStageWindow   - GameScene -> tableplatentree
13:19:58.097 [FXGL Background Thread 3 ] DEBUG Engine               - Logging environment variables
13:19:58.097 [FXGL Background Thread 3 ] DEBUG Engine               - achievements: []
13:19:58.097 [FXGL Background Thread 3 ] DEBUG Engine               - actualHeight: 864.0
13:19:58.097 [FXGL Background Thread 3 ] DEBUG Engine               - actualHeightProperty: ReadOnlyDoubleProperty [value: 864.0]
13:19:58.098 [FXGL Background Thread 3 ] DEBUG Engine               - actualWidth: 1536.0
13:19:58.098 [FXGL Background Thread 3 ] DEBUG Engine               - actualWidthProperty: ReadOnlyDoubleProperty [value: 1536.0]
13:19:58.098 [FXGL Background Thread 3 ] DEBUG Engine               - appIcon: fxgl_icon.png
13:19:58.098 [FXGL Background Thread 3 ] DEBUG Engine               - applicationMode: DEVELOPER
13:19:58.098 [FXGL Background Thread 3 ] DEBUG Engine               - cSSList: [fxgl_dark.css]
13:19:58.098 [FXGL Background Thread 3 ] DEBUG Engine               - collisionDetectionStrategy: BRUTE_FORCE
13:19:58.098 [FXGL Background Thread 3 ] DEBUG Engine               - configClass: Optional.empty
13:19:58.098 [FXGL Background Thread 3 ] DEBUG Engine               - credits: []
13:19:58.098 [FXGL Background Thread 3 ] DEBUG Engine               - defaultCursor: CursorInfo(imageName=fxgl_default_cursor.png, hotspotX=7.0, hotspotY=6.0)
13:19:58.098 [FXGL Background Thread 3 ] DEBUG Engine               - devBBoxColorProperty: ObjectProperty [value: 0xff0000ff]
13:19:58.099 [FXGL Background Thread 3 ] DEBUG Engine               - devEnableDebugCameraProperty: BooleanProperty [value: false]
13:19:58.099 [FXGL Background Thread 3 ] DEBUG Engine               - devSensorColorProperty: ObjectProperty [value: 0xffff00ff]
13:19:58.099 [FXGL Background Thread 3 ] DEBUG Engine               - devShowBBoxProperty: BooleanProperty [value: false]
13:19:58.099 [FXGL Background Thread 3 ] DEBUG Engine               - devShowPositionProperty: BooleanProperty [value: false]
13:19:58.099 [FXGL Background Thread 3 ] DEBUG Engine               - enabledMenuItems: []
13:19:58.099 [FXGL Background Thread 3 ] DEBUG Engine               - engineServices: [class com.almasb.fxgl.app.services.FXGLAssetLoaderService, class com.almasb.fxgl.app.FXGLApplication$GameApplicationService, class com.almasb.fxgl.app.services.FXGLDialogService, class com.almasb.fxgl.app.services.IOTaskExecutorService, class com.almasb.fxgl.io.FileSystemService, class com.almasb.fxgl.localization.LocalizationService, class com.almasb.fxgl.app.services.SystemBundleService, class com.almasb.fxgl.profile.SaveLoadService, class com.almasb.fxgl.ui.FXGLUIFactoryServiceProvider, class com.almasb.fxgl.ui.FXGLDialogFactoryServiceProvider, class com.almasb.fxgl.audio.AudioPlayer, class com.almasb.fxgl.notification.impl.NotificationServiceProvider, class com.almasb.fxgl.achievement.AchievementService, class com.almasb.fxgl.cutscene.CutsceneService, class com.almasb.fxgl.minigames.MiniGameService, class com.almasb.fxgl.net.NetService, class com.almasb.fxgl.app.services.UpdaterService, class com.almasb.fxgl.dev.DevService]
13:19:58.099 [FXGL Background Thread 3 ] DEBUG Engine               - fontGame: Abel-Regular.ttf
13:19:58.099 [FXGL Background Thread 3 ] DEBUG Engine               - fontMono: lucida_console.ttf
13:19:58.099 [FXGL Background Thread 3 ] DEBUG Engine               - fontText: Courier-Prime.ttf
13:19:58.099 [FXGL Background Thread 3 ] DEBUG Engine               - fontUI: game_font.ttf
13:19:58.100 [FXGL Background Thread 3 ] DEBUG Engine               - fullScreen: BooleanProperty [value: true]
13:19:58.100 [FXGL Background Thread 3 ] DEBUG Engine               - gameDifficulty: MEDIUM
13:19:58.100 [FXGL Background Thread 3 ] DEBUG Engine               - gameDifficultyProperty: ObjectProperty [value: MEDIUM]
13:19:58.100 [FXGL Background Thread 3 ] DEBUG Engine               - globalMusicVolume: 0.5
13:19:58.100 [FXGL Background Thread 3 ] DEBUG Engine               - globalMusicVolumeProperty: DoubleProperty [value: 0.5]
13:19:58.100 [FXGL Background Thread 3 ] DEBUG Engine               - globalSoundVolume: 0.5
13:19:58.100 [FXGL Background Thread 3 ] DEBUG Engine               - globalSoundVolumeProperty: DoubleProperty [value: 0.5]
13:19:58.100 [FXGL Background Thread 3 ] DEBUG Engine               - height: 720
13:19:58.100 [FXGL Background Thread 3 ] DEBUG Engine               - is3D: false
13:19:58.100 [FXGL Background Thread 3 ] DEBUG Engine               - isAndroid: false
13:19:58.100 [FXGL Background Thread 3 ] DEBUG Engine               - isBrowser: false
13:19:58.101 [FXGL Background Thread 3 ] DEBUG Engine               - isClickFeedbackEnabled: false
13:19:58.101 [FXGL Background Thread 3 ] DEBUG Engine               - isCloseConfirmation: false
13:19:58.101 [FXGL Background Thread 3 ] DEBUG Engine               - isDesktop: true
13:19:58.101 [FXGL Background Thread 3 ] DEBUG Engine               - isDeveloperMenuEnabled: false
13:19:58.101 [FXGL Background Thread 3 ] DEBUG Engine               - isEntityPreloadEnabled: true
13:19:58.101 [FXGL Background Thread 3 ] DEBUG Engine               - isExperimentalTiledLargeMap: false
13:19:58.101 [FXGL Background Thread 3 ] DEBUG Engine               - isFileSystemWriteAllowed: true
13:19:58.101 [FXGL Background Thread 3 ] DEBUG Engine               - isFullScreenAllowed: true
13:19:58.101 [FXGL Background Thread 3 ] DEBUG Engine               - isFullScreenFromStart: true
13:19:58.101 [FXGL Background Thread 3 ] DEBUG Engine               - isGameMenuEnabled: true
13:19:58.101 [FXGL Background Thread 3 ] DEBUG Engine               - isIOS: false
13:19:58.101 [FXGL Background Thread 3 ] DEBUG Engine               - isIntroEnabled: false
13:19:58.101 [FXGL Background Thread 3 ] DEBUG Engine               - isLinux: false
13:19:58.102 [FXGL Background Thread 3 ] DEBUG Engine               - isMac: false
13:19:58.102 [FXGL Background Thread 3 ] DEBUG Engine               - isMainMenuEnabled: true
13:19:58.102 [FXGL Background Thread 3 ] DEBUG Engine               - isManualResizeEnabled: false
13:19:58.102 [FXGL Background Thread 3 ] DEBUG Engine               - isMobile: false
13:19:58.102 [FXGL Background Thread 3 ] DEBUG Engine               - isNative: false
13:19:58.102 [FXGL Background Thread 3 ] DEBUG Engine               - isPauseMusicWhenMinimized: true
13:19:58.102 [FXGL Background Thread 3 ] DEBUG Engine               - isPreserveResizeRatio: false
13:19:58.102 [FXGL Background Thread 3 ] DEBUG Engine               - isProfilingEnabled: false
13:19:58.102 [FXGL Background Thread 3 ] DEBUG Engine               - isScaleAffectedOnResize: true
13:19:58.103 [FXGL Background Thread 3 ] DEBUG Engine               - isSingleStep: false
13:19:58.103 [FXGL Background Thread 3 ] DEBUG Engine               - isUserProfileEnabled: false
13:19:58.103 [FXGL Background Thread 3 ] DEBUG Engine               - isWindows: true
13:19:58.103 [FXGL Background Thread 3 ] DEBUG Engine               - language: ObjectProperty [value: ENGLISH]
13:19:58.103 [FXGL Background Thread 3 ] DEBUG Engine               - menuKey: ESCAPE
13:19:58.103 [FXGL Background Thread 3 ] DEBUG Engine               - mouseSensitivity: 0.2
13:19:58.103 [FXGL Background Thread 3 ] DEBUG Engine               - notificationViewClass: class com.almasb.fxgl.notification.view.XboxNotificationView
13:19:58.104 [FXGL Background Thread 3 ] DEBUG Engine               - pixelsPerMeter: 50.0
13:19:58.104 [FXGL Background Thread 3 ] DEBUG Engine               - platform: WINDOWS
13:19:58.104 [FXGL Background Thread 3 ] DEBUG Engine               - prefHeightProperty: ReadOnlyDoubleProperty [value: 720.0]
13:19:58.104 [FXGL Background Thread 3 ] DEBUG Engine               - prefWidthProperty: ReadOnlyDoubleProperty [value: 1280.0]
13:19:58.104 [FXGL Background Thread 3 ] DEBUG Engine               - profileDir: profiles/
13:19:58.104 [FXGL Background Thread 3 ] DEBUG Engine               - profileName: StringProperty [value: DEFAULT]
13:19:58.104 [FXGL Background Thread 3 ] DEBUG Engine               - randomSeed: -1
13:19:58.104 [FXGL Background Thread 3 ] DEBUG Engine               - runtimeInfo: RuntimeInfo(platform=WINDOWS, version=11.17, build=16.07.2021 15.46)
13:19:58.104 [FXGL Background Thread 3 ] DEBUG Engine               - saveFileExt: sav
13:19:58.104 [FXGL Background Thread 3 ] DEBUG Engine               - scaledHeightProp$fxgl: DoubleProperty [bound, value: 864.0]
13:19:58.104 [FXGL Background Thread 3 ] DEBUG Engine               - scaledWidthProp$fxgl: DoubleProperty [bound, value: 1536.0]
13:19:58.104 [FXGL Background Thread 3 ] DEBUG Engine               - sceneFactory: Bomberman.GameApp$1@3a48c44d
13:19:58.104 [FXGL Background Thread 3 ] DEBUG Engine               - secondsIn24h: 60
13:19:58.105 [FXGL Background Thread 3 ] DEBUG Engine               - soundMenuBack: menu/back.wav
13:19:58.105 [FXGL Background Thread 3 ] DEBUG Engine               - soundMenuPress: menu/press.wav
13:19:58.105 [FXGL Background Thread 3 ] DEBUG Engine               - soundMenuSelect: menu/select.wav
13:19:58.105 [FXGL Background Thread 3 ] DEBUG Engine               - soundNotification: core/notification.wav
13:19:58.105 [FXGL Background Thread 3 ] DEBUG Engine               - stageStyle: DECORATED
13:19:58.105 [FXGL Background Thread 3 ] DEBUG Engine               - supportedLanguages: [ENGLISH, FRENCH, GERMAN, HUNGARIAN, RUSSIAN]
13:19:58.105 [FXGL Background Thread 3 ] DEBUG Engine               - ticksPerSecond: -1
13:19:58.105 [FXGL Background Thread 3 ] DEBUG Engine               - title: Untitled
13:19:58.105 [FXGL Background Thread 3 ] DEBUG Engine               - urlGithub: https://github.com/AlmasB/FXGL
13:19:58.105 [FXGL Background Thread 3 ] DEBUG Engine               - urlLeaderboard: http://fxgl-top.herokuapp.com/
13:19:58.105 [FXGL Background Thread 3 ] DEBUG Engine               - urlPOM: https://raw.githubusercontent.com/AlmasB/FXGL/release/README.md
13:19:58.106 [FXGL Background Thread 3 ] DEBUG Engine               - userAppClass: class Bomberman.GameApp
13:19:58.106 [FXGL Background Thread 3 ] DEBUG Engine               - version: 0.0
13:19:58.106 [FXGL Background Thread 3 ] DEBUG Engine               - versionCheckDays: 7
13:19:58.106 [FXGL Background Thread 3 ] DEBUG Engine               - width: 1280
13:19:58.106 [FXGL Background Thread 3 ] DEBUG Engine               - Logging services
13:19:58.106 [FXGL Background Thread 3 ] DEBUG Engine               - class com.almasb.fxgl.app.services.FXGLAssetLoaderService
13:19:58.106 [FXGL Background Thread 3 ] DEBUG Engine               - class com.almasb.fxgl.app.FXGLApplication$GameApplicationService
13:19:58.106 [FXGL Background Thread 3 ] DEBUG Engine               - class com.almasb.fxgl.app.services.FXGLDialogService
13:19:58.106 [FXGL Background Thread 3 ] DEBUG Engine               - class com.almasb.fxgl.app.services.IOTaskExecutorService
13:19:58.106 [FXGL Background Thread 3 ] DEBUG Engine               - class com.almasb.fxgl.io.FileSystemService
13:19:58.106 [FXGL Background Thread 3 ] DEBUG Engine               - class com.almasb.fxgl.localization.LocalizationService
13:19:58.106 [FXGL Background Thread 3 ] DEBUG Engine               - class com.almasb.fxgl.app.services.SystemBundleService
13:19:58.107 [FXGL Background Thread 3 ] DEBUG Engine               - class com.almasb.fxgl.profile.SaveLoadService
13:19:58.107 [FXGL Background Thread 3 ] DEBUG Engine               - class com.almasb.fxgl.ui.FXGLUIFactoryServiceProvider
13:19:58.107 [FXGL Background Thread 3 ] DEBUG Engine               - class com.almasb.fxgl.ui.FXGLDialogFactoryServiceProvider
13:19:58.107 [FXGL Background Thread 3 ] DEBUG Engine               - class com.almasb.fxgl.audio.AudioPlayer
13:19:58.107 [FXGL Background Thread 3 ] DEBUG Engine               - class com.almasb.fxgl.notification.impl.NotificationServiceProvider
13:19:58.107 [FXGL Background Thread 3 ] DEBUG Engine               - class com.almasb.fxgl.achievement.AchievementService
13:19:58.107 [FXGL Background Thread 3 ] DEBUG Engine               - class com.almasb.fxgl.cutscene.CutsceneService
13:19:58.107 [FXGL Background Thread 3 ] DEBUG Engine               - class com.almasb.fxgl.minigames.MiniGameService
13:19:58.108 [FXGL Background Thread 3 ] DEBUG Engine               - class com.almasb.fxgl.net.NetService
13:19:58.108 [FXGL Background Thread 3 ] DEBUG Engine               - class com.almasb.fxgl.app.services.UpdaterService
13:19:58.108 [FXGL Background Thread 3 ] DEBUG Engine               - class com.almasb.fxgl.dev.DevService
13:20:01.539 [JavaFX Application Thread] DEBUG PrimaryStageWindow   - Pop state: tableplatentree
13:20:01.539 [JavaFX Application Thread] DEBUG Input                - Clearing active input actions
13:20:01.540 [JavaFX Application Thread] DEBUG GameApplicationServi - Removing overlay from tableplatentree and adding to GameScene
13:20:01.540 [JavaFX Application Thread] DEBUG PrimaryStageWindow   - GameScene <- tableplatentree
13:20:03.204 [JavaFX Application Thread] DEBUG PrimaryStageWindow   - Push state: RepriseMenu
13:20:03.204 [JavaFX Application Thread] DEBUG Input                - Clearing active input actions
13:20:03.205 [JavaFX Application Thread] DEBUG GameApplicationServi - Removing overlay from GameScene and adding to RepriseMenu
13:20:03.205 [JavaFX Application Thread] DEBUG PrimaryStageWindow   - GameScene -> RepriseMenu
13:20:04.367 [JavaFX Application Thread] DEBUG Menu                 - fireExit()
13:20:04.373 [JavaFX Application Thread] DEBUG PrimaryStageWindow   - Push state: DialogSubScene
13:20:04.373 [JavaFX Application Thread] DEBUG Input                - Clearing active input actions
13:20:04.374 [JavaFX Application Thread] DEBUG GameApplicationServi - Removing overlay from RepriseMenu and adding to DialogSubScene
13:20:04.374 [JavaFX Application Thread] DEBUG PrimaryStageWindow   - RepriseMenu -> DialogSubScene
13:20:05.066 [JavaFX Application Thread] DEBUG PrimaryStageWindow   - Pop state: DialogSubScene
13:20:05.066 [JavaFX Application Thread] DEBUG Input                - Clearing active input actions
13:20:05.067 [JavaFX Application Thread] DEBUG GameApplicationServi - Removing overlay from DialogSubScene and adding to RepriseMenu
13:20:05.067 [JavaFX Application Thread] DEBUG PrimaryStageWindow   - RepriseMenu <- DialogSubScene
13:20:05.067 [JavaFX Application Thread] DEBUG FXGLApplication      - Exiting FXGL
13:20:05.067 [JavaFX Application Thread] DEBUG LoopRunner           - Stopping loop
13:20:05.067 [JavaFX Application Thread] DEBUG SystemBundleService  - Saving FXGL system data
13:20:05.069 [JavaFX Application Thread] DEBUG FileSystemAccess     - Writing to: D:\Bomberman-master-origin\system\fxgl.bundle
13:20:05.071 [JavaFX Application Thread] DEBUG Async                - Shutting down background threads
13:20:05.072 [JavaFX Application Thread] DEBUG PrimaryStageWindow   - Closing main window
13:20:05.112 [JavaFX Application Thread] DEBUG Logger               - Closing Logger
