12:58:32.210 [main                     ] DEBUG Logger               - Configured Logger
12:58:32.216 [main                     ] DEBUG GameApplication      - Logging settings
Title: Untitled
Version: 0.0
Width: 1280
Height: 720
Fullscreen: true
Intro: false
Profiling: false
Single step:false
App Mode: DEVELOPER
Menu Key: ESCAPE
Stage Style: DECORATED
Scene Factory: class Bomberman.GameApp$1

12:58:32.688 [JavaFX Application Thread] DEBUG FXGLApplication      - Initializing FXGL
12:58:32.690 [JavaFX Application Thread] INFO  Engine               - FXGL-11.17 (16.07.2021 15.46) on WINDOWS (J:17.0.2 FX:16)
12:58:32.690 [JavaFX Application Thread] DEBUG Engine               - JRE Vendor Name: Oracle Corporation
12:58:32.691 [JavaFX Application Thread] DEBUG Engine               - Running on OS: Windows 10 version 10.0
12:58:32.691 [JavaFX Application Thread] DEBUG Engine               - Architecture: amd64
12:58:32.691 [JavaFX Application Thread] INFO  Engine               - Source code and latest versions at: https://github.com/AlmasB/FXGL
12:58:32.691 [JavaFX Application Thread] INFO  Engine               -              Join the FXGL chat at: https://gitter.im/AlmasB/FXGL
12:58:32.829 [JavaFX Application Thread] DEBUG PrimaryStageWindow   - Creating a JavaFX scene
12:58:32.891 [JavaFX Application Thread] DEBUG PrimaryStageWindow   - Target settings size: 1280.0 x 720.0
12:58:32.891 [JavaFX Application Thread] DEBUG PrimaryStageWindow   - Scaled scene size:    1280.0 x 720.0
12:58:32.891 [JavaFX Application Thread] DEBUG PrimaryStageWindow   - Scaled ratio: (1.0, 1.0)
12:58:32.892 [JavaFX Application Thread] DEBUG PrimaryStageWindow   - Set initial scene to FXGLStartupScene
12:58:32.908 [JavaFX Application Thread] DEBUG PrimaryStageWindow   - Opening main window
12:58:33.022 [JavaFX Application Thread] DEBUG PrimaryStageWindow   - Window border size: (14.4000244140625, 37.5999755859375)
12:58:33.023 [JavaFX Application Thread] DEBUG PrimaryStageWindow   - Scaled size: 1280.0 x 720.0
12:58:33.023 [JavaFX Application Thread] DEBUG PrimaryStageWindow   - Scaled ratio: (1.0, 1.0)
12:58:33.023 [JavaFX Application Thread] DEBUG PrimaryStageWindow   - Scene size: 1280.0 x 720.0
12:58:33.023 [JavaFX Application Thread] DEBUG PrimaryStageWindow   - Stage size: 1294.4000244140625 x 757.5999755859375
12:58:33.112 [JavaFX Application Thread] DEBUG PrimaryStageWindow   - Going fullscreen
12:58:33.132 [FXGL Background Thread 1 ] DEBUG Engine               - Initializing environment variables
12:58:33.234 [FXGL Background Thread 1 ] DEBUG FXGLAssetLoaderServi - User app class for loading assets: class Bomberman.GameApp
12:58:33.234 [FXGL Background Thread 1 ] DEBUG GameApplicationServi - Applying CSS: fxgl_dark.css
12:58:33.235 [FXGL Background Thread 1 ] DEBUG FXGLAssetLoaderServi - Loading from file system: jar:file:/C:/Users/david/.m2/repository/com/github/almasb/fxgl/11.17/fxgl-11.17.jar!/fxglassets/ui/css/fxgl_dark.css
12:58:33.303 [FXGL Background Thread 1 ] DEBUG GameApplicationServi - Initializing application scenes
12:58:33.354 [FXGL Background Thread 1 ] DEBUG GameWorld            - Game world initialized
12:58:33.433 [FXGL Background Thread 1 ] DEBUG PhysicsWorld         - Physics world initialized: appHeight=720, physics.ppm=50,0
12:58:33.433 [FXGL Background Thread 1 ] DEBUG PhysicsWorld         - Using strategy: BRUTE_FORCE
12:58:33.437 [FXGL Background Thread 1 ] DEBUG GameScene            - Game scene initialized: 1280x720
12:58:33.556 [FXGL Background Thread 1 ] DEBUG GameApplicationServi - Application scenes initialized
12:58:33.573 [FXGL Background Thread 1 ] DEBUG SystemBundleService  - Loading FXGL system data
12:58:33.584 [FXGL Background Thread 1 ] DEBUG FileSystemAccess     - Reading from: D:\Bomberman-master-origin\system\fxgl.bundle
12:58:33.595 [FXGL Background Thread 1 ] DEBUG SystemBundleService  - Bundle FXGL: {}
12:58:33.595 [FXGL Background Thread 1 ] DEBUG UpdaterService       - Checking for updates
12:58:33.603 [FXGL Background Thread 4 ] DEBUG FXGLApplication      - Loading fonts
12:58:33.604 [FXGL Background Thread 4 ] DEBUG FXGLAssetLoaderServi - Loading from file system: file:/D:/Bomberman-master-origin/target/classes/assets/ui/fonts/game_font.ttf
12:58:33.604 [FXGL Background Thread 1 ] DEBUG FXGLApplication      - Loading default localization
12:58:33.605 [FXGL Background Thread 1 ] DEBUG FXGLAssetLoaderServi - Loading from file system: jar:file:/C:/Users/david/.m2/repository/com/github/almasb/fxgl/11.17/fxgl-11.17.jar!/fxglassets/languages/english.lang
12:58:33.632 [FXGL Background Thread 1 ] INFO  FXGLApplication      - FXGL initialization took: 0,502 sec
12:58:33.649 [JavaFX Application Thread] DEBUG Input                - Registered new binding: Move Up - Z
12:58:33.649 [JavaFX Application Thread] DEBUG Input                - Registered new binding: Move Down - S
12:58:33.649 [JavaFX Application Thread] DEBUG Input                - Registered new binding: Move Left - Q
12:58:33.649 [JavaFX Application Thread] DEBUG Input                - Registered new binding: Move Right - D
12:58:33.649 [JavaFX Application Thread] DEBUG Input                - Registered new binding: Place Bomb - Space
12:58:33.650 [JavaFX Application Thread] WARN  FXGLAssetLoaderServi - Asset "/assets/music/stage_theme.mp3" was not found!
12:58:33.650 [JavaFX Application Thread] WARN  FXGLAssetLoaderServi - Failed to load MUSIC
12:58:33.651 [JavaFX Application Thread] DEBUG AudioPlayer          - Playing music com.almasb.fxgl.audio.Music@31567f53
12:58:33.652 [JavaFX Application Thread] DEBUG FXGLAssetLoaderServi - Loading from file system: jar:file:/C:/Users/david/.m2/repository/com/github/almasb/fxgl/11.17/fxgl-11.17.jar!/fxglassets/textures/fxgl_icon.png
12:58:33.692 [JavaFX Application Thread] DEBUG FXGLAssetLoaderServi - Loading from file system: jar:file:/C:/Users/david/.m2/repository/com/github/almasb/fxgl/11.17/fxgl-11.17.jar!/fxglassets/textures/fxgl_default_cursor.png
12:58:33.696 [JavaFX Application Thread] DEBUG Input                - Registered new binding: Screenshot - CTRL+8
12:58:33.697 [JavaFX Application Thread] DEBUG Input                - Registered new binding: System info dump - CTRL+9
12:58:33.697 [JavaFX Application Thread] DEBUG Input                - Registered new binding: Restart - CTRL+R
12:58:33.699 [JavaFX Application Thread] DEBUG Input                - Registered new binding: Toggle Debug Camera - CTRL+C
12:58:33.703 [JavaFX Application Thread] DEBUG LoopRunner           - Starting loop
12:58:33.703 [JavaFX Application Thread] DEBUG LoopRunner           - Initializing JavaFX AnimationTimerLoop
12:58:33.703 [FXGL Background Thread 4 ] DEBUG FXGLAssetLoaderServi - Loading from file system: jar:file:/C:/Users/david/.m2/repository/com/github/almasb/fxgl/11.17/fxgl-11.17.jar!/fxglassets/ui/fonts/Abel-Regular.ttf
12:58:33.707 [JavaFX Application Thread] DEBUG Input                - Clearing active input actions
12:58:33.717 [FXGL Background Thread 4 ] DEBUG FXGLAssetLoaderServi - Loading from file system: jar:file:/C:/Users/david/.m2/repository/com/github/almasb/fxgl/11.17/fxgl-11.17.jar!/fxglassets/ui/fonts/lucida_console.ttf
12:58:33.717 [JavaFX Application Thread] DEBUG GameApplicationServi - Removing overlay from FXGLStartupScene and adding to FXGLMainMenuDummyScene
12:58:33.717 [JavaFX Application Thread] DEBUG PrimaryStageWindow   - FXGLStartupScene -> FXGLMainMenuDummyScene
12:58:33.718 [JavaFX Application Thread] DEBUG PrimaryStageWindow   - Push state: GrosMenu
12:58:33.718 [JavaFX Application Thread] DEBUG Input                - Clearing active input actions
12:58:33.724 [JavaFX Application Thread] DEBUG GameApplicationServi - Removing overlay from FXGLMainMenuDummyScene and adding to GrosMenu
12:58:33.724 [JavaFX Application Thread] DEBUG PrimaryStageWindow   - FXGLMainMenuDummyScene -> GrosMenu
12:58:33.733 [FXGL Background Thread 4 ] DEBUG FXGLAssetLoaderServi - Loading from file system: jar:file:/C:/Users/david/.m2/repository/com/github/almasb/fxgl/11.17/fxgl-11.17.jar!/fxglassets/ui/fonts/Courier-Prime.ttf
12:58:33.772 [JavaFX Application Thread] DEBUG FXGLApplication      - Registering font factories with UI factory
12:58:34.053 [FXGL Background Thread 2 ] INFO  UpdaterService       - Your current version:  11.17
12:58:34.053 [FXGL Background Thread 2 ] INFO  UpdaterService       - Latest stable version: 17.1
12:58:35.011 [JavaFX Application Thread] DEBUG Menu                 - fireNewGame()
12:58:35.011 [JavaFX Application Thread] DEBUG GameApplicationServi - Starting new game
12:58:35.011 [JavaFX Application Thread] DEBUG PrimaryStageWindow   - Pop state: GrosMenu
12:58:35.011 [JavaFX Application Thread] DEBUG Input                - Clearing active input actions
12:58:35.011 [JavaFX Application Thread] DEBUG GameApplicationServi - Removing overlay from GrosMenu and adding to FXGLMainMenuDummyScene
12:58:35.012 [JavaFX Application Thread] DEBUG PrimaryStageWindow   - FXGLMainMenuDummyScene <- GrosMenu
12:58:35.012 [JavaFX Application Thread] DEBUG Input                - Clearing active input actions
12:58:35.021 [JavaFX Application Thread] DEBUG GameApplicationServi - Removing overlay from FXGLMainMenuDummyScene and adding to FXGLLoadingScene
12:58:35.021 [JavaFX Application Thread] DEBUG PrimaryStageWindow   - FXGLMainMenuDummyScene -> FXGLLoadingScene
12:58:35.021 [JavaFX Application Thread] DEBUG GameApplicationServi - Clearing previous game
12:58:35.022 [JavaFX Application Thread] DEBUG GameScene            - Clearing game scene
12:58:35.022 [JavaFX Application Thread] DEBUG GameWorld            - Clearing game world
12:58:35.022 [JavaFX Application Thread] DEBUG PhysicsWorld         - Clearing physics world
12:58:35.024 [FXGL Background Thread 2 ] DEBUG FXGLApplication      - Initializing game
12:58:35.072 [FXGL Background Thread 2 ] WARN  TMXLevelLoader       - TiledMap generated from 1.7.2. Supported version: 1.2.3. Some features may not be parsed fully.
12:58:35.106 [FXGL Background Thread 2 ] DEBUG TMXLevelLoader       - Parsed TiledMap: file:/D:/Bomberman-master-origin/target/classes/assets/levels/level1.tmx
12:58:35.110 [FXGL Background Thread 2 ] DEBUG TMXLevelLoader       - Creating tile layer entities
12:58:35.112 [FXGL Background Thread 2 ] DEBUG TilesetLoader        - Loading view for layer Tile Layer 1
12:58:35.120 [FXGL Background Thread 2 ] DEBUG TilesetLoader        - Created buffer with size 1488.0x720.0
12:58:35.151 [FXGL Background Thread 2 ] DEBUG TMXLevelLoader       - Creating object layer entities
12:58:35.214 [FXGL Background Thread 2 ] DEBUG FXGLAssetLoaderServi - Loading from file system: file:/D:/Bomberman-master-origin/target/classes/assets/textures/player_die.png
12:58:35.218 [FXGL Background Thread 2 ] DEBUG FXGLAssetLoaderServi - Loading from file system: file:/D:/Bomberman-master-origin/target/classes/assets/textures/player_down.png
12:58:35.221 [FXGL Background Thread 2 ] DEBUG FXGLAssetLoaderServi - Loading from file system: file:/D:/Bomberman-master-origin/target/classes/assets/textures/player_right.png
12:58:35.222 [FXGL Background Thread 2 ] DEBUG FXGLAssetLoaderServi - Loading from file system: file:/D:/Bomberman-master-origin/target/classes/assets/textures/player_up.png
12:58:35.224 [FXGL Background Thread 2 ] DEBUG FXGLAssetLoaderServi - Loading from file system: file:/D:/Bomberman-master-origin/target/classes/assets/textures/player_left.png
12:58:35.238 [FXGL Background Thread 2 ] DEBUG FXGLAssetLoaderServi - Loading from file system: file:/D:/Bomberman-master-origin/target/classes/assets/textures/enemy1.png
12:58:35.314 [FXGL Background Thread 2 ] DEBUG FXGLAssetLoaderServi - Loading from file system: file:/D:/Bomberman-master-origin/target/classes/assets/textures/enemy2.png
12:58:35.328 [FXGL Background Thread 2 ] DEBUG FXGLAssetLoaderServi - Loading from file system: file:/D:/Bomberman-master-origin/target/classes/assets/textures/brick.png
12:58:35.348 [FXGL Background Thread 2 ] DEBUG FXGLAssetLoaderServi - Loading from file system: file:/D:/Bomberman-master-origin/target/classes/assets/textures/powerup_speed.png
12:58:35.352 [FXGL Background Thread 2 ] DEBUG FXGLAssetLoaderServi - Loading from file system: file:/D:/Bomberman-master-origin/target/classes/assets/textures/powerup_bombs.png
12:58:35.431 [FXGL Background Thread 2 ] DEBUG GameWorld            - Clearing removable entities
12:58:35.432 [FXGL Background Thread 2 ] DEBUG GameWorld            - Setting level: com.almasb.fxgl.entity.level.Level@25abf5df
12:58:35.640 [FXGL Background Thread 2 ] INFO  FXGLApplication      - Game initialization took: 0,616 sec
12:58:35.641 [JavaFX Application Thread] DEBUG Input                - Clearing active input actions
12:58:35.662 [JavaFX Application Thread] DEBUG GameApplicationServi - Removing overlay from FXGLLoadingScene and adding to GameScene
12:58:35.662 [JavaFX Application Thread] DEBUG PrimaryStageWindow   - FXGLLoadingScene -> GameScene
12:58:35.673 [JavaFX Application Thread] DEBUG PrimaryStageWindow   - Push state: tableplatentree
12:58:35.673 [JavaFX Application Thread] DEBUG Input                - Clearing active input actions
12:58:35.674 [JavaFX Application Thread] DEBUG GameApplicationServi - Removing overlay from GameScene and adding to tableplatentree
12:58:35.674 [JavaFX Application Thread] DEBUG PrimaryStageWindow   - GameScene -> tableplatentree
12:58:36.601 [FXGL Background Thread 3 ] DEBUG Engine               - Logging environment variables
12:58:36.602 [FXGL Background Thread 3 ] DEBUG Engine               - achievements: []
12:58:36.602 [FXGL Background Thread 3 ] DEBUG Engine               - actualHeight: 864.0
12:58:36.602 [FXGL Background Thread 3 ] DEBUG Engine               - actualHeightProperty: ReadOnlyDoubleProperty [value: 864.0]
12:58:36.603 [FXGL Background Thread 3 ] DEBUG Engine               - actualWidth: 1536.0
12:58:36.603 [FXGL Background Thread 3 ] DEBUG Engine               - actualWidthProperty: ReadOnlyDoubleProperty [value: 1536.0]
12:58:36.604 [FXGL Background Thread 3 ] DEBUG Engine               - appIcon: fxgl_icon.png
12:58:36.604 [FXGL Background Thread 3 ] DEBUG Engine               - applicationMode: DEVELOPER
12:58:36.604 [FXGL Background Thread 3 ] DEBUG Engine               - cSSList: [fxgl_dark.css]
12:58:36.605 [FXGL Background Thread 3 ] DEBUG Engine               - collisionDetectionStrategy: BRUTE_FORCE
12:58:36.605 [FXGL Background Thread 3 ] DEBUG Engine               - configClass: Optional.empty
12:58:36.605 [FXGL Background Thread 3 ] DEBUG Engine               - credits: []
12:58:36.606 [FXGL Background Thread 3 ] DEBUG Engine               - defaultCursor: CursorInfo(imageName=fxgl_default_cursor.png, hotspotX=7.0, hotspotY=6.0)
12:58:36.607 [FXGL Background Thread 3 ] DEBUG Engine               - devBBoxColorProperty: ObjectProperty [value: 0xff0000ff]
12:58:36.607 [FXGL Background Thread 3 ] DEBUG Engine               - devEnableDebugCameraProperty: BooleanProperty [value: false]
12:58:36.608 [FXGL Background Thread 3 ] DEBUG Engine               - devSensorColorProperty: ObjectProperty [value: 0xffff00ff]
12:58:36.608 [FXGL Background Thread 3 ] DEBUG Engine               - devShowBBoxProperty: BooleanProperty [value: false]
12:58:36.608 [FXGL Background Thread 3 ] DEBUG Engine               - devShowPositionProperty: BooleanProperty [value: false]
12:58:36.608 [FXGL Background Thread 3 ] DEBUG Engine               - enabledMenuItems: []
12:58:36.609 [FXGL Background Thread 3 ] DEBUG Engine               - engineServices: [class com.almasb.fxgl.app.services.FXGLAssetLoaderService, class com.almasb.fxgl.app.FXGLApplication$GameApplicationService, class com.almasb.fxgl.app.services.FXGLDialogService, class com.almasb.fxgl.app.services.IOTaskExecutorService, class com.almasb.fxgl.io.FileSystemService, class com.almasb.fxgl.localization.LocalizationService, class com.almasb.fxgl.app.services.SystemBundleService, class com.almasb.fxgl.profile.SaveLoadService, class com.almasb.fxgl.ui.FXGLUIFactoryServiceProvider, class com.almasb.fxgl.ui.FXGLDialogFactoryServiceProvider, class com.almasb.fxgl.audio.AudioPlayer, class com.almasb.fxgl.notification.impl.NotificationServiceProvider, class com.almasb.fxgl.achievement.AchievementService, class com.almasb.fxgl.cutscene.CutsceneService, class com.almasb.fxgl.minigames.MiniGameService, class com.almasb.fxgl.net.NetService, class com.almasb.fxgl.app.services.UpdaterService, class com.almasb.fxgl.dev.DevService]
12:58:36.609 [FXGL Background Thread 3 ] DEBUG Engine               - fontGame: Abel-Regular.ttf
12:58:36.610 [FXGL Background Thread 3 ] DEBUG Engine               - fontMono: lucida_console.ttf
12:58:36.610 [FXGL Background Thread 3 ] DEBUG Engine               - fontText: Courier-Prime.ttf
12:58:36.610 [FXGL Background Thread 3 ] DEBUG Engine               - fontUI: game_font.ttf
12:58:36.610 [FXGL Background Thread 3 ] DEBUG Engine               - fullScreen: BooleanProperty [value: true]
12:58:36.611 [FXGL Background Thread 3 ] DEBUG Engine               - gameDifficulty: MEDIUM
12:58:36.611 [FXGL Background Thread 3 ] DEBUG Engine               - gameDifficultyProperty: ObjectProperty [value: MEDIUM]
12:58:36.611 [FXGL Background Thread 3 ] DEBUG Engine               - globalMusicVolume: 0.5
12:58:36.612 [FXGL Background Thread 3 ] DEBUG Engine               - globalMusicVolumeProperty: DoubleProperty [value: 0.5]
12:58:36.612 [FXGL Background Thread 3 ] DEBUG Engine               - globalSoundVolume: 0.5
12:58:36.612 [FXGL Background Thread 3 ] DEBUG Engine               - globalSoundVolumeProperty: DoubleProperty [value: 0.5]
12:58:36.613 [FXGL Background Thread 3 ] DEBUG Engine               - height: 720
12:58:36.613 [FXGL Background Thread 3 ] DEBUG Engine               - is3D: false
12:58:36.613 [FXGL Background Thread 3 ] DEBUG Engine               - isAndroid: false
12:58:36.613 [FXGL Background Thread 3 ] DEBUG Engine               - isBrowser: false
12:58:36.613 [FXGL Background Thread 3 ] DEBUG Engine               - isClickFeedbackEnabled: false
12:58:36.613 [FXGL Background Thread 3 ] DEBUG Engine               - isCloseConfirmation: false
12:58:36.614 [FXGL Background Thread 3 ] DEBUG Engine               - isDesktop: true
12:58:36.614 [FXGL Background Thread 3 ] DEBUG Engine               - isDeveloperMenuEnabled: false
12:58:36.614 [FXGL Background Thread 3 ] DEBUG Engine               - isEntityPreloadEnabled: true
12:58:36.614 [FXGL Background Thread 3 ] DEBUG Engine               - isExperimentalTiledLargeMap: false
12:58:36.614 [FXGL Background Thread 3 ] DEBUG Engine               - isFileSystemWriteAllowed: true
12:58:36.614 [FXGL Background Thread 3 ] DEBUG Engine               - isFullScreenAllowed: true
12:58:36.615 [FXGL Background Thread 3 ] DEBUG Engine               - isFullScreenFromStart: true
12:58:36.615 [FXGL Background Thread 3 ] DEBUG Engine               - isGameMenuEnabled: true
12:58:36.615 [FXGL Background Thread 3 ] DEBUG Engine               - isIOS: false
12:58:36.615 [FXGL Background Thread 3 ] DEBUG Engine               - isIntroEnabled: false
12:58:36.615 [FXGL Background Thread 3 ] DEBUG Engine               - isLinux: false
12:58:36.615 [FXGL Background Thread 3 ] DEBUG Engine               - isMac: false
12:58:36.615 [FXGL Background Thread 3 ] DEBUG Engine               - isMainMenuEnabled: true
12:58:36.615 [FXGL Background Thread 3 ] DEBUG Engine               - isManualResizeEnabled: false
12:58:36.615 [FXGL Background Thread 3 ] DEBUG Engine               - isMobile: false
12:58:36.615 [FXGL Background Thread 3 ] DEBUG Engine               - isNative: false
12:58:36.616 [FXGL Background Thread 3 ] DEBUG Engine               - isPauseMusicWhenMinimized: true
12:58:36.616 [FXGL Background Thread 3 ] DEBUG Engine               - isPreserveResizeRatio: false
12:58:36.616 [FXGL Background Thread 3 ] DEBUG Engine               - isProfilingEnabled: false
12:58:36.616 [FXGL Background Thread 3 ] DEBUG Engine               - isScaleAffectedOnResize: true
12:58:36.616 [FXGL Background Thread 3 ] DEBUG Engine               - isSingleStep: false
12:58:36.616 [FXGL Background Thread 3 ] DEBUG Engine               - isUserProfileEnabled: false
12:58:36.617 [FXGL Background Thread 3 ] DEBUG Engine               - isWindows: true
12:58:36.617 [FXGL Background Thread 3 ] DEBUG Engine               - language: ObjectProperty [value: ENGLISH]
12:58:36.617 [FXGL Background Thread 3 ] DEBUG Engine               - menuKey: ESCAPE
12:58:36.617 [FXGL Background Thread 3 ] DEBUG Engine               - mouseSensitivity: 0.2
12:58:36.617 [FXGL Background Thread 3 ] DEBUG Engine               - notificationViewClass: class com.almasb.fxgl.notification.view.XboxNotificationView
12:58:36.617 [FXGL Background Thread 3 ] DEBUG Engine               - pixelsPerMeter: 50.0
12:58:36.617 [FXGL Background Thread 3 ] DEBUG Engine               - platform: WINDOWS
12:58:36.617 [FXGL Background Thread 3 ] DEBUG Engine               - prefHeightProperty: ReadOnlyDoubleProperty [value: 720.0]
12:58:36.617 [FXGL Background Thread 3 ] DEBUG Engine               - prefWidthProperty: ReadOnlyDoubleProperty [value: 1280.0]
12:58:36.617 [FXGL Background Thread 3 ] DEBUG Engine               - profileDir: profiles/
12:58:36.617 [FXGL Background Thread 3 ] DEBUG Engine               - profileName: StringProperty [value: DEFAULT]
12:58:36.618 [FXGL Background Thread 3 ] DEBUG Engine               - randomSeed: -1
12:58:36.618 [FXGL Background Thread 3 ] DEBUG Engine               - runtimeInfo: RuntimeInfo(platform=WINDOWS, version=11.17, build=16.07.2021 15.46)
12:58:36.618 [FXGL Background Thread 3 ] DEBUG Engine               - saveFileExt: sav
12:58:36.618 [FXGL Background Thread 3 ] DEBUG Engine               - scaledHeightProp$fxgl: DoubleProperty [bound, value: 864.0]
12:58:36.618 [FXGL Background Thread 3 ] DEBUG Engine               - scaledWidthProp$fxgl: DoubleProperty [bound, value: 1536.0]
12:58:36.618 [FXGL Background Thread 3 ] DEBUG Engine               - sceneFactory: Bomberman.GameApp$1@15be39
12:58:36.618 [FXGL Background Thread 3 ] DEBUG Engine               - secondsIn24h: 60
12:58:36.618 [FXGL Background Thread 3 ] DEBUG Engine               - soundMenuBack: menu/back.wav
12:58:36.618 [FXGL Background Thread 3 ] DEBUG Engine               - soundMenuPress: menu/press.wav
12:58:36.618 [FXGL Background Thread 3 ] DEBUG Engine               - soundMenuSelect: menu/select.wav
12:58:36.618 [FXGL Background Thread 3 ] DEBUG Engine               - soundNotification: core/notification.wav
12:58:36.618 [FXGL Background Thread 3 ] DEBUG Engine               - stageStyle: DECORATED
12:58:36.619 [FXGL Background Thread 3 ] DEBUG Engine               - supportedLanguages: [ENGLISH, FRENCH, GERMAN, HUNGARIAN, RUSSIAN]
12:58:36.619 [FXGL Background Thread 3 ] DEBUG Engine               - ticksPerSecond: -1
12:58:36.619 [FXGL Background Thread 3 ] DEBUG Engine               - title: Untitled
12:58:36.619 [FXGL Background Thread 3 ] DEBUG Engine               - urlGithub: https://github.com/AlmasB/FXGL
12:58:36.619 [FXGL Background Thread 3 ] DEBUG Engine               - urlLeaderboard: http://fxgl-top.herokuapp.com/
12:58:36.619 [FXGL Background Thread 3 ] DEBUG Engine               - urlPOM: https://raw.githubusercontent.com/AlmasB/FXGL/release/README.md
12:58:36.619 [FXGL Background Thread 3 ] DEBUG Engine               - userAppClass: class Bomberman.GameApp
12:58:36.619 [FXGL Background Thread 3 ] DEBUG Engine               - version: 0.0
12:58:36.619 [FXGL Background Thread 3 ] DEBUG Engine               - versionCheckDays: 7
12:58:36.619 [FXGL Background Thread 3 ] DEBUG Engine               - width: 1280
12:58:36.619 [FXGL Background Thread 3 ] DEBUG Engine               - Logging services
12:58:36.620 [FXGL Background Thread 3 ] DEBUG Engine               - class com.almasb.fxgl.app.services.FXGLAssetLoaderService
12:58:36.620 [FXGL Background Thread 3 ] DEBUG Engine               - class com.almasb.fxgl.app.FXGLApplication$GameApplicationService
12:58:36.620 [FXGL Background Thread 3 ] DEBUG Engine               - class com.almasb.fxgl.app.services.FXGLDialogService
12:58:36.620 [FXGL Background Thread 3 ] DEBUG Engine               - class com.almasb.fxgl.app.services.IOTaskExecutorService
12:58:36.620 [FXGL Background Thread 3 ] DEBUG Engine               - class com.almasb.fxgl.io.FileSystemService
12:58:36.620 [FXGL Background Thread 3 ] DEBUG Engine               - class com.almasb.fxgl.localization.LocalizationService
12:58:36.620 [FXGL Background Thread 3 ] DEBUG Engine               - class com.almasb.fxgl.app.services.SystemBundleService
12:58:36.620 [FXGL Background Thread 3 ] DEBUG Engine               - class com.almasb.fxgl.profile.SaveLoadService
12:58:36.620 [FXGL Background Thread 3 ] DEBUG Engine               - class com.almasb.fxgl.ui.FXGLUIFactoryServiceProvider
12:58:36.620 [FXGL Background Thread 3 ] DEBUG Engine               - class com.almasb.fxgl.ui.FXGLDialogFactoryServiceProvider
12:58:36.620 [FXGL Background Thread 3 ] DEBUG Engine               - class com.almasb.fxgl.audio.AudioPlayer
12:58:36.620 [FXGL Background Thread 3 ] DEBUG Engine               - class com.almasb.fxgl.notification.impl.NotificationServiceProvider
12:58:36.620 [FXGL Background Thread 3 ] DEBUG Engine               - class com.almasb.fxgl.achievement.AchievementService
12:58:36.620 [FXGL Background Thread 3 ] DEBUG Engine               - class com.almasb.fxgl.cutscene.CutsceneService
12:58:36.620 [FXGL Background Thread 3 ] DEBUG Engine               - class com.almasb.fxgl.minigames.MiniGameService
12:58:36.621 [FXGL Background Thread 3 ] DEBUG Engine               - class com.almasb.fxgl.net.NetService
12:58:36.621 [FXGL Background Thread 3 ] DEBUG Engine               - class com.almasb.fxgl.app.services.UpdaterService
12:58:36.621 [FXGL Background Thread 3 ] DEBUG Engine               - class com.almasb.fxgl.dev.DevService
12:58:40.026 [JavaFX Application Thread] DEBUG PrimaryStageWindow   - Pop state: tableplatentree
12:58:40.026 [JavaFX Application Thread] DEBUG Input                - Clearing active input actions
12:58:40.027 [JavaFX Application Thread] DEBUG GameApplicationServi - Removing overlay from tableplatentree and adding to GameScene
12:58:40.027 [JavaFX Application Thread] DEBUG PrimaryStageWindow   - GameScene <- tableplatentree
12:58:40.429 [JavaFX Application Thread] DEBUG PrimaryStageWindow   - Push state: RepriseMenu
12:58:40.429 [JavaFX Application Thread] DEBUG Input                - Clearing active input actions
12:58:40.430 [JavaFX Application Thread] DEBUG GameApplicationServi - Removing overlay from GameScene and adding to RepriseMenu
12:58:40.431 [JavaFX Application Thread] DEBUG PrimaryStageWindow   - GameScene -> RepriseMenu
12:58:42.765 [JavaFX Application Thread] DEBUG Menu                 - fireExit()
12:58:42.771 [JavaFX Application Thread] DEBUG PrimaryStageWindow   - Push state: DialogSubScene
12:58:42.771 [JavaFX Application Thread] DEBUG Input                - Clearing active input actions
12:58:42.771 [JavaFX Application Thread] DEBUG GameApplicationServi - Removing overlay from RepriseMenu and adding to DialogSubScene
12:58:42.771 [JavaFX Application Thread] DEBUG PrimaryStageWindow   - RepriseMenu -> DialogSubScene
12:58:43.440 [JavaFX Application Thread] DEBUG PrimaryStageWindow   - Pop state: DialogSubScene
12:58:43.440 [JavaFX Application Thread] DEBUG Input                - Clearing active input actions
12:58:43.441 [JavaFX Application Thread] DEBUG GameApplicationServi - Removing overlay from DialogSubScene and adding to RepriseMenu
12:58:43.441 [JavaFX Application Thread] DEBUG PrimaryStageWindow   - RepriseMenu <- DialogSubScene
12:58:43.441 [JavaFX Application Thread] DEBUG FXGLApplication      - Exiting FXGL
12:58:43.441 [JavaFX Application Thread] DEBUG LoopRunner           - Stopping loop
12:58:43.441 [JavaFX Application Thread] DEBUG SystemBundleService  - Saving FXGL system data
12:58:43.443 [JavaFX Application Thread] DEBUG FileSystemAccess     - Writing to: D:\Bomberman-master-origin\system\fxgl.bundle
12:58:43.445 [JavaFX Application Thread] DEBUG Async                - Shutting down background threads
12:58:43.445 [JavaFX Application Thread] DEBUG PrimaryStageWindow   - Closing main window
12:58:43.474 [JavaFX Application Thread] DEBUG Logger               - Closing Logger
