13:00:18.533 [main                     ] DEBUG Logger               - Configured Logger
13:00:18.538 [main                     ] DEBUG GameApplication      - Logging settings
Title: Untitled
Version: 0.0
Width: 1280
Height: 720
Fullscreen: true
Intro: false
Profiling: false
Single step:false
App Mode: DEVELOPER
Menu Key: ESCAPE
Stage Style: DECORATED
Scene Factory: class Bomberman.GameApp$1

13:00:19.133 [JavaFX Application Thread] DEBUG FXGLApplication      - Initializing FXGL
13:00:19.136 [JavaFX Application Thread] INFO  Engine               - FXGL-11.17 (16.07.2021 15.46) on WINDOWS (J:17.0.2 FX:16)
13:00:19.136 [JavaFX Application Thread] DEBUG Engine               - JRE Vendor Name: Oracle Corporation
13:00:19.136 [JavaFX Application Thread] DEBUG Engine               - Running on OS: Windows 10 version 10.0
13:00:19.137 [JavaFX Application Thread] DEBUG Engine               - Architecture: amd64
13:00:19.137 [JavaFX Application Thread] INFO  Engine               - Source code and latest versions at: https://github.com/AlmasB/FXGL
13:00:19.137 [JavaFX Application Thread] INFO  Engine               -              Join the FXGL chat at: https://gitter.im/AlmasB/FXGL
13:00:19.307 [JavaFX Application Thread] DEBUG PrimaryStageWindow   - Creating a JavaFX scene
13:00:19.356 [JavaFX Application Thread] DEBUG PrimaryStageWindow   - Target settings size: 1280.0 x 720.0
13:00:19.356 [JavaFX Application Thread] DEBUG PrimaryStageWindow   - Scaled scene size:    1280.0 x 720.0
13:00:19.356 [JavaFX Application Thread] DEBUG PrimaryStageWindow   - Scaled ratio: (1.0, 1.0)
13:00:19.357 [JavaFX Application Thread] DEBUG PrimaryStageWindow   - Set initial scene to FXGLStartupScene
13:00:19.368 [JavaFX Application Thread] DEBUG PrimaryStageWindow   - Opening main window
13:00:19.477 [JavaFX Application Thread] DEBUG PrimaryStageWindow   - Window border size: (14.4000244140625, 37.5999755859375)
13:00:19.477 [JavaFX Application Thread] DEBUG PrimaryStageWindow   - Scaled size: 1280.0 x 720.0
13:00:19.477 [JavaFX Application Thread] DEBUG PrimaryStageWindow   - Scaled ratio: (1.0, 1.0)
13:00:19.478 [JavaFX Application Thread] DEBUG PrimaryStageWindow   - Scene size: 1280.0 x 720.0
13:00:19.478 [JavaFX Application Thread] DEBUG PrimaryStageWindow   - Stage size: 1294.4000244140625 x 757.5999755859375
13:00:19.558 [JavaFX Application Thread] DEBUG PrimaryStageWindow   - Going fullscreen
13:00:19.573 [FXGL Background Thread 1 ] DEBUG Engine               - Initializing environment variables
13:00:19.680 [FXGL Background Thread 1 ] DEBUG FXGLAssetLoaderServi - User app class for loading assets: class Bomberman.GameApp
13:00:19.680 [FXGL Background Thread 1 ] DEBUG GameApplicationServi - Applying CSS: fxgl_dark.css
13:00:19.681 [FXGL Background Thread 1 ] DEBUG FXGLAssetLoaderServi - Loading from file system: jar:file:/C:/Users/david/.m2/repository/com/github/almasb/fxgl/11.17/fxgl-11.17.jar!/fxglassets/ui/css/fxgl_dark.css
13:00:19.748 [FXGL Background Thread 1 ] DEBUG GameApplicationServi - Initializing application scenes
13:00:19.797 [FXGL Background Thread 1 ] DEBUG GameWorld            - Game world initialized
13:00:19.883 [FXGL Background Thread 1 ] DEBUG PhysicsWorld         - Physics world initialized: appHeight=720, physics.ppm=50,0
13:00:19.883 [FXGL Background Thread 1 ] DEBUG PhysicsWorld         - Using strategy: BRUTE_FORCE
13:00:19.887 [FXGL Background Thread 1 ] DEBUG GameScene            - Game scene initialized: 1280x720
13:00:19.989 [FXGL Background Thread 1 ] DEBUG GameApplicationServi - Application scenes initialized
13:00:20.003 [FXGL Background Thread 1 ] DEBUG SystemBundleService  - Loading FXGL system data
13:00:20.010 [FXGL Background Thread 1 ] DEBUG FileSystemAccess     - Reading from: D:\Bomberman-master-origin\system\fxgl.bundle
13:00:20.016 [FXGL Background Thread 1 ] DEBUG SystemBundleService  - Bundle FXGL: {}
13:00:20.017 [FXGL Background Thread 1 ] DEBUG UpdaterService       - Checking for updates
13:00:20.024 [FXGL Background Thread 4 ] DEBUG FXGLApplication      - Loading fonts
13:00:20.024 [FXGL Background Thread 4 ] DEBUG FXGLAssetLoaderServi - Loading from file system: file:/D:/Bomberman-master-origin/target/classes/assets/ui/fonts/game_font.ttf
13:00:20.024 [FXGL Background Thread 1 ] DEBUG FXGLApplication      - Loading default localization
13:00:20.025 [FXGL Background Thread 1 ] DEBUG FXGLAssetLoaderServi - Loading from file system: jar:file:/C:/Users/david/.m2/repository/com/github/almasb/fxgl/11.17/fxgl-11.17.jar!/fxglassets/languages/english.lang
13:00:20.048 [FXGL Background Thread 1 ] INFO  FXGLApplication      - FXGL initialization took: 0,474 sec
13:00:20.066 [JavaFX Application Thread] DEBUG Input                - Registered new binding: Move Up - Z
13:00:20.066 [JavaFX Application Thread] DEBUG Input                - Registered new binding: Move Down - S
13:00:20.066 [JavaFX Application Thread] DEBUG Input                - Registered new binding: Move Left - Q
13:00:20.067 [JavaFX Application Thread] DEBUG Input                - Registered new binding: Move Right - D
13:00:20.067 [JavaFX Application Thread] DEBUG Input                - Registered new binding: Place Bomb - Space
13:00:20.068 [JavaFX Application Thread] WARN  FXGLAssetLoaderServi - Asset "/assets/music/stage_theme.mp3" was not found!
13:00:20.068 [JavaFX Application Thread] WARN  FXGLAssetLoaderServi - Failed to load MUSIC
13:00:20.070 [JavaFX Application Thread] DEBUG AudioPlayer          - Playing music com.almasb.fxgl.audio.Music@53dc6d46
13:00:20.071 [JavaFX Application Thread] DEBUG FXGLAssetLoaderServi - Loading from file system: jar:file:/C:/Users/david/.m2/repository/com/github/almasb/fxgl/11.17/fxgl-11.17.jar!/fxglassets/textures/fxgl_icon.png
13:00:20.108 [JavaFX Application Thread] DEBUG FXGLAssetLoaderServi - Loading from file system: jar:file:/C:/Users/david/.m2/repository/com/github/almasb/fxgl/11.17/fxgl-11.17.jar!/fxglassets/textures/fxgl_default_cursor.png
13:00:20.111 [JavaFX Application Thread] DEBUG Input                - Registered new binding: Screenshot - CTRL+8
13:00:20.112 [JavaFX Application Thread] DEBUG Input                - Registered new binding: System info dump - CTRL+9
13:00:20.113 [JavaFX Application Thread] DEBUG Input                - Registered new binding: Restart - CTRL+R
13:00:20.114 [JavaFX Application Thread] DEBUG Input                - Registered new binding: Toggle Debug Camera - CTRL+C
13:00:20.117 [JavaFX Application Thread] DEBUG LoopRunner           - Starting loop
13:00:20.117 [JavaFX Application Thread] DEBUG LoopRunner           - Initializing JavaFX AnimationTimerLoop
13:00:20.122 [JavaFX Application Thread] DEBUG Input                - Clearing active input actions
13:00:20.122 [FXGL Background Thread 4 ] DEBUG FXGLAssetLoaderServi - Loading from file system: jar:file:/C:/Users/david/.m2/repository/com/github/almasb/fxgl/11.17/fxgl-11.17.jar!/fxglassets/ui/fonts/Abel-Regular.ttf
13:00:20.132 [JavaFX Application Thread] DEBUG GameApplicationServi - Removing overlay from FXGLStartupScene and adding to FXGLMainMenuDummyScene
13:00:20.133 [JavaFX Application Thread] DEBUG PrimaryStageWindow   - FXGLStartupScene -> FXGLMainMenuDummyScene
13:00:20.133 [JavaFX Application Thread] DEBUG PrimaryStageWindow   - Push state: GrosMenu
13:00:20.133 [JavaFX Application Thread] DEBUG Input                - Clearing active input actions
13:00:20.135 [FXGL Background Thread 4 ] DEBUG FXGLAssetLoaderServi - Loading from file system: jar:file:/C:/Users/david/.m2/repository/com/github/almasb/fxgl/11.17/fxgl-11.17.jar!/fxglassets/ui/fonts/lucida_console.ttf
13:00:20.139 [JavaFX Application Thread] DEBUG GameApplicationServi - Removing overlay from FXGLMainMenuDummyScene and adding to GrosMenu
13:00:20.140 [JavaFX Application Thread] DEBUG PrimaryStageWindow   - FXGLMainMenuDummyScene -> GrosMenu
13:00:20.149 [FXGL Background Thread 4 ] DEBUG FXGLAssetLoaderServi - Loading from file system: jar:file:/C:/Users/david/.m2/repository/com/github/almasb/fxgl/11.17/fxgl-11.17.jar!/fxglassets/ui/fonts/Courier-Prime.ttf
13:00:20.186 [JavaFX Application Thread] DEBUG FXGLApplication      - Registering font factories with UI factory
13:00:20.456 [FXGL Background Thread 2 ] INFO  UpdaterService       - Your current version:  11.17
13:00:20.456 [FXGL Background Thread 2 ] INFO  UpdaterService       - Latest stable version: 17.1
13:00:23.024 [FXGL Background Thread 3 ] DEBUG Engine               - Logging environment variables
13:00:23.024 [FXGL Background Thread 3 ] DEBUG Engine               - achievements: []
13:00:23.025 [FXGL Background Thread 3 ] DEBUG Engine               - actualHeight: 864.0
13:00:23.025 [FXGL Background Thread 3 ] DEBUG Engine               - actualHeightProperty: ReadOnlyDoubleProperty [value: 864.0]
13:00:23.025 [FXGL Background Thread 3 ] DEBUG Engine               - actualWidth: 1536.0
13:00:23.025 [FXGL Background Thread 3 ] DEBUG Engine               - actualWidthProperty: ReadOnlyDoubleProperty [value: 1536.0]
13:00:23.025 [FXGL Background Thread 3 ] DEBUG Engine               - appIcon: fxgl_icon.png
13:00:23.025 [FXGL Background Thread 3 ] DEBUG Engine               - applicationMode: DEVELOPER
13:00:23.026 [FXGL Background Thread 3 ] DEBUG Engine               - cSSList: [fxgl_dark.css]
13:00:23.026 [FXGL Background Thread 3 ] DEBUG Engine               - collisionDetectionStrategy: BRUTE_FORCE
13:00:23.026 [FXGL Background Thread 3 ] DEBUG Engine               - configClass: Optional.empty
13:00:23.026 [FXGL Background Thread 3 ] DEBUG Engine               - credits: []
13:00:23.026 [FXGL Background Thread 3 ] DEBUG Engine               - defaultCursor: CursorInfo(imageName=fxgl_default_cursor.png, hotspotX=7.0, hotspotY=6.0)
13:00:23.026 [FXGL Background Thread 3 ] DEBUG Engine               - devBBoxColorProperty: ObjectProperty [value: 0xff0000ff]
13:00:23.027 [FXGL Background Thread 3 ] DEBUG Engine               - devEnableDebugCameraProperty: BooleanProperty [value: false]
13:00:23.027 [FXGL Background Thread 3 ] DEBUG Engine               - devSensorColorProperty: ObjectProperty [value: 0xffff00ff]
13:00:23.027 [FXGL Background Thread 3 ] DEBUG Engine               - devShowBBoxProperty: BooleanProperty [value: false]
13:00:23.027 [FXGL Background Thread 3 ] DEBUG Engine               - devShowPositionProperty: BooleanProperty [value: false]
13:00:23.027 [FXGL Background Thread 3 ] DEBUG Engine               - enabledMenuItems: []
13:00:23.027 [FXGL Background Thread 3 ] DEBUG Engine               - engineServices: [class com.almasb.fxgl.app.services.FXGLAssetLoaderService, class com.almasb.fxgl.app.FXGLApplication$GameApplicationService, class com.almasb.fxgl.app.services.FXGLDialogService, class com.almasb.fxgl.app.services.IOTaskExecutorService, class com.almasb.fxgl.io.FileSystemService, class com.almasb.fxgl.localization.LocalizationService, class com.almasb.fxgl.app.services.SystemBundleService, class com.almasb.fxgl.profile.SaveLoadService, class com.almasb.fxgl.ui.FXGLUIFactoryServiceProvider, class com.almasb.fxgl.ui.FXGLDialogFactoryServiceProvider, class com.almasb.fxgl.audio.AudioPlayer, class com.almasb.fxgl.notification.impl.NotificationServiceProvider, class com.almasb.fxgl.achievement.AchievementService, class com.almasb.fxgl.cutscene.CutsceneService, class com.almasb.fxgl.minigames.MiniGameService, class com.almasb.fxgl.net.NetService, class com.almasb.fxgl.app.services.UpdaterService, class com.almasb.fxgl.dev.DevService]
13:00:23.028 [FXGL Background Thread 3 ] DEBUG Engine               - fontGame: Abel-Regular.ttf
13:00:23.028 [FXGL Background Thread 3 ] DEBUG Engine               - fontMono: lucida_console.ttf
13:00:23.028 [FXGL Background Thread 3 ] DEBUG Engine               - fontText: Courier-Prime.ttf
13:00:23.028 [FXGL Background Thread 3 ] DEBUG Engine               - fontUI: game_font.ttf
13:00:23.028 [FXGL Background Thread 3 ] DEBUG Engine               - fullScreen: BooleanProperty [value: true]
13:00:23.028 [FXGL Background Thread 3 ] DEBUG Engine               - gameDifficulty: MEDIUM
13:00:23.028 [FXGL Background Thread 3 ] DEBUG Engine               - gameDifficultyProperty: ObjectProperty [value: MEDIUM]
13:00:23.028 [FXGL Background Thread 3 ] DEBUG Engine               - globalMusicVolume: 0.5
13:00:23.029 [FXGL Background Thread 3 ] DEBUG Engine               - globalMusicVolumeProperty: DoubleProperty [value: 0.5]
13:00:23.029 [FXGL Background Thread 3 ] DEBUG Engine               - globalSoundVolume: 0.5
13:00:23.029 [FXGL Background Thread 3 ] DEBUG Engine               - globalSoundVolumeProperty: DoubleProperty [value: 0.5]
13:00:23.029 [FXGL Background Thread 3 ] DEBUG Engine               - height: 720
13:00:23.029 [FXGL Background Thread 3 ] DEBUG Engine               - is3D: false
13:00:23.030 [FXGL Background Thread 3 ] DEBUG Engine               - isAndroid: false
13:00:23.030 [FXGL Background Thread 3 ] DEBUG Engine               - isBrowser: false
13:00:23.030 [FXGL Background Thread 3 ] DEBUG Engine               - isClickFeedbackEnabled: false
13:00:23.030 [FXGL Background Thread 3 ] DEBUG Engine               - isCloseConfirmation: false
13:00:23.030 [FXGL Background Thread 3 ] DEBUG Engine               - isDesktop: true
13:00:23.030 [FXGL Background Thread 3 ] DEBUG Engine               - isDeveloperMenuEnabled: false
13:00:23.031 [FXGL Background Thread 3 ] DEBUG Engine               - isEntityPreloadEnabled: true
13:00:23.031 [FXGL Background Thread 3 ] DEBUG Engine               - isExperimentalTiledLargeMap: false
13:00:23.031 [FXGL Background Thread 3 ] DEBUG Engine               - isFileSystemWriteAllowed: true
13:00:23.031 [FXGL Background Thread 3 ] DEBUG Engine               - isFullScreenAllowed: true
13:00:23.031 [FXGL Background Thread 3 ] DEBUG Engine               - isFullScreenFromStart: true
13:00:23.031 [FXGL Background Thread 3 ] DEBUG Engine               - isGameMenuEnabled: true
13:00:23.032 [FXGL Background Thread 3 ] DEBUG Engine               - isIOS: false
13:00:23.032 [FXGL Background Thread 3 ] DEBUG Engine               - isIntroEnabled: false
13:00:23.032 [FXGL Background Thread 3 ] DEBUG Engine               - isLinux: false
13:00:23.032 [FXGL Background Thread 3 ] DEBUG Engine               - isMac: false
13:00:23.033 [FXGL Background Thread 3 ] DEBUG Engine               - isMainMenuEnabled: true
13:00:23.033 [FXGL Background Thread 3 ] DEBUG Engine               - isManualResizeEnabled: false
13:00:23.033 [FXGL Background Thread 3 ] DEBUG Engine               - isMobile: false
13:00:23.034 [FXGL Background Thread 3 ] DEBUG Engine               - isNative: false
13:00:23.034 [FXGL Background Thread 3 ] DEBUG Engine               - isPauseMusicWhenMinimized: true
13:00:23.034 [FXGL Background Thread 3 ] DEBUG Engine               - isPreserveResizeRatio: false
13:00:23.034 [FXGL Background Thread 3 ] DEBUG Engine               - isProfilingEnabled: false
13:00:23.034 [FXGL Background Thread 3 ] DEBUG Engine               - isScaleAffectedOnResize: true
13:00:23.035 [FXGL Background Thread 3 ] DEBUG Engine               - isSingleStep: false
13:00:23.035 [FXGL Background Thread 3 ] DEBUG Engine               - isUserProfileEnabled: false
13:00:23.035 [FXGL Background Thread 3 ] DEBUG Engine               - isWindows: true
13:00:23.035 [FXGL Background Thread 3 ] DEBUG Engine               - language: ObjectProperty [value: ENGLISH]
13:00:23.036 [FXGL Background Thread 3 ] DEBUG Engine               - menuKey: ESCAPE
13:00:23.036 [FXGL Background Thread 3 ] DEBUG Engine               - mouseSensitivity: 0.2
13:00:23.036 [FXGL Background Thread 3 ] DEBUG Engine               - notificationViewClass: class com.almasb.fxgl.notification.view.XboxNotificationView
13:00:23.036 [FXGL Background Thread 3 ] DEBUG Engine               - pixelsPerMeter: 50.0
13:00:23.036 [FXGL Background Thread 3 ] DEBUG Engine               - platform: WINDOWS
13:00:23.036 [FXGL Background Thread 3 ] DEBUG Engine               - prefHeightProperty: ReadOnlyDoubleProperty [value: 720.0]
13:00:23.037 [FXGL Background Thread 3 ] DEBUG Engine               - prefWidthProperty: ReadOnlyDoubleProperty [value: 1280.0]
13:00:23.037 [FXGL Background Thread 3 ] DEBUG Engine               - profileDir: profiles/
13:00:23.037 [FXGL Background Thread 3 ] DEBUG Engine               - profileName: StringProperty [value: DEFAULT]
13:00:23.037 [FXGL Background Thread 3 ] DEBUG Engine               - randomSeed: -1
13:00:23.037 [FXGL Background Thread 3 ] DEBUG Engine               - runtimeInfo: RuntimeInfo(platform=WINDOWS, version=11.17, build=16.07.2021 15.46)
13:00:23.038 [FXGL Background Thread 3 ] DEBUG Engine               - saveFileExt: sav
13:00:23.038 [FXGL Background Thread 3 ] DEBUG Engine               - scaledHeightProp$fxgl: DoubleProperty [bound, value: 864.0]
13:00:23.038 [FXGL Background Thread 3 ] DEBUG Engine               - scaledWidthProp$fxgl: DoubleProperty [bound, value: 1536.0]
13:00:23.038 [FXGL Background Thread 3 ] DEBUG Engine               - sceneFactory: Bomberman.GameApp$1@445eb60d
13:00:23.038 [FXGL Background Thread 3 ] DEBUG Engine               - secondsIn24h: 60
13:00:23.039 [FXGL Background Thread 3 ] DEBUG Engine               - soundMenuBack: menu/back.wav
13:00:23.039 [FXGL Background Thread 3 ] DEBUG Engine               - soundMenuPress: menu/press.wav
13:00:23.039 [FXGL Background Thread 3 ] DEBUG Engine               - soundMenuSelect: menu/select.wav
13:00:23.039 [FXGL Background Thread 3 ] DEBUG Engine               - soundNotification: core/notification.wav
13:00:23.039 [FXGL Background Thread 3 ] DEBUG Engine               - stageStyle: DECORATED
13:00:23.040 [FXGL Background Thread 3 ] DEBUG Engine               - supportedLanguages: [ENGLISH, FRENCH, GERMAN, HUNGARIAN, RUSSIAN]
13:00:23.040 [FXGL Background Thread 3 ] DEBUG Engine               - ticksPerSecond: -1
13:00:23.040 [FXGL Background Thread 3 ] DEBUG Engine               - title: Untitled
13:00:23.040 [FXGL Background Thread 3 ] DEBUG Engine               - urlGithub: https://github.com/AlmasB/FXGL
13:00:23.040 [FXGL Background Thread 3 ] DEBUG Engine               - urlLeaderboard: http://fxgl-top.herokuapp.com/
13:00:23.040 [FXGL Background Thread 3 ] DEBUG Engine               - urlPOM: https://raw.githubusercontent.com/AlmasB/FXGL/release/README.md
13:00:23.040 [FXGL Background Thread 3 ] DEBUG Engine               - userAppClass: class Bomberman.GameApp
13:00:23.041 [FXGL Background Thread 3 ] DEBUG Engine               - version: 0.0
13:00:23.041 [FXGL Background Thread 3 ] DEBUG Engine               - versionCheckDays: 7
13:00:23.041 [FXGL Background Thread 3 ] DEBUG Engine               - width: 1280
13:00:23.041 [FXGL Background Thread 3 ] DEBUG Engine               - Logging services
13:00:23.041 [FXGL Background Thread 3 ] DEBUG Engine               - class com.almasb.fxgl.app.services.FXGLAssetLoaderService
13:00:23.042 [FXGL Background Thread 3 ] DEBUG Engine               - class com.almasb.fxgl.app.FXGLApplication$GameApplicationService
13:00:23.042 [FXGL Background Thread 3 ] DEBUG Engine               - class com.almasb.fxgl.app.services.FXGLDialogService
13:00:23.042 [FXGL Background Thread 3 ] DEBUG Engine               - class com.almasb.fxgl.app.services.IOTaskExecutorService
13:00:23.042 [FXGL Background Thread 3 ] DEBUG Engine               - class com.almasb.fxgl.io.FileSystemService
13:00:23.043 [FXGL Background Thread 3 ] DEBUG Engine               - class com.almasb.fxgl.localization.LocalizationService
13:00:23.043 [FXGL Background Thread 3 ] DEBUG Engine               - class com.almasb.fxgl.app.services.SystemBundleService
13:00:23.043 [FXGL Background Thread 3 ] DEBUG Engine               - class com.almasb.fxgl.profile.SaveLoadService
13:00:23.043 [FXGL Background Thread 3 ] DEBUG Engine               - class com.almasb.fxgl.ui.FXGLUIFactoryServiceProvider
13:00:23.043 [FXGL Background Thread 3 ] DEBUG Engine               - class com.almasb.fxgl.ui.FXGLDialogFactoryServiceProvider
13:00:23.044 [FXGL Background Thread 3 ] DEBUG Engine               - class com.almasb.fxgl.audio.AudioPlayer
13:00:23.044 [FXGL Background Thread 3 ] DEBUG Engine               - class com.almasb.fxgl.notification.impl.NotificationServiceProvider
13:00:23.044 [FXGL Background Thread 3 ] DEBUG Engine               - class com.almasb.fxgl.achievement.AchievementService
13:00:23.044 [FXGL Background Thread 3 ] DEBUG Engine               - class com.almasb.fxgl.cutscene.CutsceneService
13:00:23.044 [FXGL Background Thread 3 ] DEBUG Engine               - class com.almasb.fxgl.minigames.MiniGameService
13:00:23.045 [FXGL Background Thread 3 ] DEBUG Engine               - class com.almasb.fxgl.net.NetService
13:00:23.045 [FXGL Background Thread 3 ] DEBUG Engine               - class com.almasb.fxgl.app.services.UpdaterService
13:00:23.045 [FXGL Background Thread 3 ] DEBUG Engine               - class com.almasb.fxgl.dev.DevService
13:00:24.066 [JavaFX Application Thread] DEBUG Menu                 - fireExit()
13:00:24.075 [JavaFX Application Thread] DEBUG PrimaryStageWindow   - Push state: DialogSubScene
13:00:24.075 [JavaFX Application Thread] DEBUG Input                - Clearing active input actions
13:00:24.079 [JavaFX Application Thread] DEBUG GameApplicationServi - Removing overlay from GrosMenu and adding to DialogSubScene
13:00:24.079 [JavaFX Application Thread] DEBUG PrimaryStageWindow   - GrosMenu -> DialogSubScene
13:00:25.357 [JavaFX Application Thread] DEBUG PrimaryStageWindow   - Pop state: DialogSubScene
13:00:25.357 [JavaFX Application Thread] DEBUG Input                - Clearing active input actions
13:00:25.358 [JavaFX Application Thread] DEBUG GameApplicationServi - Removing overlay from DialogSubScene and adding to GrosMenu
13:00:25.358 [JavaFX Application Thread] DEBUG PrimaryStageWindow   - GrosMenu <- DialogSubScene
13:00:26.250 [JavaFX Application Thread] DEBUG PrimaryStageWindow   - Push state: DialogSubScene
13:00:26.251 [JavaFX Application Thread] DEBUG Input                - Clearing active input actions
13:00:26.254 [JavaFX Application Thread] DEBUG GameApplicationServi - Removing overlay from GrosMenu and adding to DialogSubScene
13:00:26.255 [JavaFX Application Thread] DEBUG PrimaryStageWindow   - GrosMenu -> DialogSubScene
13:00:28.873 [JavaFX Application Thread] DEBUG PrimaryStageWindow   - Pop state: DialogSubScene
13:00:28.873 [JavaFX Application Thread] DEBUG Input                - Clearing active input actions
13:00:28.874 [JavaFX Application Thread] DEBUG GameApplicationServi - Removing overlay from DialogSubScene and adding to GrosMenu
13:00:28.874 [JavaFX Application Thread] DEBUG PrimaryStageWindow   - GrosMenu <- DialogSubScene
13:00:31.293 [JavaFX Application Thread] DEBUG Menu                 - fireExit()
13:00:31.293 [JavaFX Application Thread] DEBUG PrimaryStageWindow   - Push state: DialogSubScene
13:00:31.294 [JavaFX Application Thread] DEBUG Input                - Clearing active input actions
13:00:31.295 [JavaFX Application Thread] DEBUG GameApplicationServi - Removing overlay from GrosMenu and adding to DialogSubScene
13:00:31.295 [JavaFX Application Thread] DEBUG PrimaryStageWindow   - GrosMenu -> DialogSubScene
13:00:32.155 [JavaFX Application Thread] DEBUG PrimaryStageWindow   - Pop state: DialogSubScene
13:00:32.155 [JavaFX Application Thread] DEBUG Input                - Clearing active input actions
13:00:32.156 [JavaFX Application Thread] DEBUG GameApplicationServi - Removing overlay from DialogSubScene and adding to GrosMenu
13:00:32.156 [JavaFX Application Thread] DEBUG PrimaryStageWindow   - GrosMenu <- DialogSubScene
13:00:32.156 [JavaFX Application Thread] DEBUG FXGLApplication      - Exiting FXGL
13:00:32.156 [JavaFX Application Thread] DEBUG LoopRunner           - Stopping loop
13:00:32.157 [JavaFX Application Thread] DEBUG SystemBundleService  - Saving FXGL system data
13:00:32.159 [JavaFX Application Thread] DEBUG FileSystemAccess     - Writing to: D:\Bomberman-master-origin\system\fxgl.bundle
13:00:32.160 [JavaFX Application Thread] DEBUG Async                - Shutting down background threads
13:00:32.161 [JavaFX Application Thread] DEBUG PrimaryStageWindow   - Closing main window
13:00:32.194 [JavaFX Application Thread] DEBUG Logger               - Closing Logger
